<?xml version="1.0" encoding="UTF-8"?>
<coverage generated="1782338160171" clover="3.2.0">
  <project timestamp="1782338160171" name="All files">
    <metrics statements="275" coveredstatements="263" conditionals="319" coveredconditionals="185" methods="44" coveredmethods="43" elements="638" coveredelements="491" complexity="0" loc="275" ncloc="275" packages="11" files="37" classes="37"/>
    <package name="assets.images.app">
      <metrics statements="0" coveredstatements="0" conditionals="0" coveredconditionals="0" methods="0" coveredmethods="0"/>
      <file name="bg-today-large.svg" path="/Volumes/OMARSSD/Code/PersonalProjects/weather-app/src/assets/images/app/bg-today-large.svg">
        <metrics statements="0" coveredstatements="0" conditionals="0" coveredconditionals="0" methods="0" coveredmethods="0"/>
      </file>
      <file name="logo.svg" path="/Volumes/OMARSSD/Code/PersonalProjects/weather-app/src/assets/images/app/logo.svg">
        <metrics statements="0" coveredstatements="0" conditionals="0" coveredconditionals="0" methods="0" coveredmethods="0"/>
      </file>
    </package>
    <package name="assets.images.icons">
      <metrics statements="0" coveredstatements="0" conditionals="0" coveredconditionals="0" methods="0" coveredmethods="0"/>
      <file name="icon-checkmark.svg" path="/Volumes/OMARSSD/Code/PersonalProjects/weather-app/src/assets/images/icons/icon-checkmark.svg">
        <metrics statements="0" coveredstatements="0" conditionals="0" coveredconditionals="0" methods="0" coveredmethods="0"/>
      </file>
      <file name="icon-dropdown.svg" path="/Volumes/OMARSSD/Code/PersonalProjects/weather-app/src/assets/images/icons/icon-dropdown.svg">
        <metrics statements="0" coveredstatements="0" conditionals="0" coveredconditionals="0" methods="0" coveredmethods="0"/>
      </file>
      <file name="icon-error.svg" path="/Volumes/OMARSSD/Code/PersonalProjects/weather-app/src/assets/images/icons/icon-error.svg">
        <metrics statements="0" coveredstatements="0" conditionals="0" coveredconditionals="0" methods="0" coveredmethods="0"/>
      </file>
      <file name="icon-search.svg" path="/Volumes/OMARSSD/Code/PersonalProjects/weather-app/src/assets/images/icons/icon-search.svg">
        <metrics statements="0" coveredstatements="0" conditionals="0" coveredconditionals="0" methods="0" coveredmethods="0"/>
      </file>
      <file name="icon-units.svg" path="/Volumes/OMARSSD/Code/PersonalProjects/weather-app/src/assets/images/icons/icon-units.svg">
        <metrics statements="0" coveredstatements="0" conditionals="0" coveredconditionals="0" methods="0" coveredmethods="0"/>
      </file>
    </package>
    <package name="assets.images.weather">
      <metrics statements="0" coveredstatements="0" conditionals="0" coveredconditionals="0" methods="0" coveredmethods="0"/>
      <file name="icon-drizzle.webp" path="/Volumes/OMARSSD/Code/PersonalProjects/weather-app/src/assets/images/weather/icon-drizzle.webp">
        <metrics statements="0" coveredstatements="0" conditionals="0" coveredconditionals="0" methods="0" coveredmethods="0"/>
      </file>
      <file name="icon-fog.webp" path="/Volumes/OMARSSD/Code/PersonalProjects/weather-app/src/assets/images/weather/icon-fog.webp">
        <metrics statements="0" coveredstatements="0" conditionals="0" coveredconditionals="0" methods="0" coveredmethods="0"/>
      </file>
      <file name="icon-overcast.webp" path="/Volumes/OMARSSD/Code/PersonalProjects/weather-app/src/assets/images/weather/icon-overcast.webp">
        <metrics statements="0" coveredstatements="0" conditionals="0" coveredconditionals="0" methods="0" coveredmethods="0"/>
      </file>
      <file name="icon-partly-cloudy.webp" path="/Volumes/OMARSSD/Code/PersonalProjects/weather-app/src/assets/images/weather/icon-partly-cloudy.webp">
        <metrics statements="0" coveredstatements="0" conditionals="0" coveredconditionals="0" methods="0" coveredmethods="0"/>
      </file>
      <file name="icon-rain.webp" path="/Volumes/OMARSSD/Code/PersonalProjects/weather-app/src/assets/images/weather/icon-rain.webp">
        <metrics statements="0" coveredstatements="0" conditionals="0" coveredconditionals="0" methods="0" coveredmethods="0"/>
      </file>
      <file name="icon-snow.webp" path="/Volumes/OMARSSD/Code/PersonalProjects/weather-app/src/assets/images/weather/icon-snow.webp">
        <metrics statements="0" coveredstatements="0" conditionals="0" coveredconditionals="0" methods="0" coveredmethods="0"/>
      </file>
      <file name="icon-storm.webp" path="/Volumes/OMARSSD/Code/PersonalProjects/weather-app/src/assets/images/weather/icon-storm.webp">
        <metrics statements="0" coveredstatements="0" conditionals="0" coveredconditionals="0" methods="0" coveredmethods="0"/>
      </file>
      <file name="icon-sunny.webp" path="/Volumes/OMARSSD/Code/PersonalProjects/weather-app/src/assets/images/weather/icon-sunny.webp">
        <metrics statements="0" coveredstatements="0" conditionals="0" coveredconditionals="0" methods="0" coveredmethods="0"/>
      </file>
    </package>
    <package name="config">
      <metrics statements="3" coveredstatements="3" conditionals="2" coveredconditionals="2" methods="1" coveredmethods="1"/>
      <file name="weather-conditions.ts" path="/Volumes/OMARSSD/Code/PersonalProjects/weather-app/src/config/weather-conditions.ts">
        <metrics statements="3" coveredstatements="3" conditionals="2" coveredconditionals="2" methods="1" coveredmethods="1"/>
        <line num="16" count="5" type="stmt"/>
        <line num="56" count="5" type="stmt"/>
        <line num="57" count="33" type="cond" truecount="2" falsecount="0"/>
      </file>
    </package>
    <package name="domain.dtos">
      <metrics statements="3" coveredstatements="3" conditionals="0" coveredconditionals="0" methods="0" coveredmethods="0"/>
      <file name="location.dto.ts" path="/Volumes/OMARSSD/Code/PersonalProjects/weather-app/src/domain/dtos/location.dto.ts">
        <metrics statements="2" coveredstatements="2" conditionals="0" coveredconditionals="0" methods="0" coveredmethods="0"/>
        <line num="5" count="1" type="stmt"/>
        <line num="24" count="1" type="stmt"/>
      </file>
      <file name="weather.dto.ts" path="/Volumes/OMARSSD/Code/PersonalProjects/weather-app/src/domain/dtos/weather.dto.ts">
        <metrics statements="1" coveredstatements="1" conditionals="0" coveredconditionals="0" methods="0" coveredmethods="0"/>
        <line num="4" count="1" type="stmt"/>
      </file>
    </package>
    <package name="infrastructure.actions">
      <metrics statements="22" coveredstatements="20" conditionals="12" coveredconditionals="10" methods="2" coveredmethods="2"/>
      <file name="get-weather.action.ts" path="/Volumes/OMARSSD/Code/PersonalProjects/weather-app/src/infrastructure/actions/get-weather.action.ts">
        <metrics statements="11" coveredstatements="10" conditionals="6" coveredconditionals="5" methods="1" coveredmethods="1"/>
        <line num="14" count="1" type="stmt"/>
        <line num="22" count="3" type="stmt"/>
        <line num="24" count="3" type="stmt"/>
        <line num="37" count="2" type="stmt"/>
        <line num="38" count="2" type="cond" truecount="2" falsecount="0"/>
        <line num="40" count="1" type="stmt"/>
        <line num="43" count="2" type="cond" truecount="2" falsecount="0"/>
        <line num="44" count="1" type="stmt"/>
        <line num="47" count="1" type="cond" truecount="1" falsecount="1"/>
        <line num="48" count="1" type="stmt"/>
        <line num="51" count="0" type="stmt"/>
      </file>
      <file name="search-location.action.ts" path="/Volumes/OMARSSD/Code/PersonalProjects/weather-app/src/infrastructure/actions/search-location.action.ts">
        <metrics statements="11" coveredstatements="10" conditionals="6" coveredconditionals="5" methods="1" coveredmethods="1"/>
        <line num="6" count="1" type="stmt"/>
        <line num="8" count="4" type="stmt"/>
        <line num="10" count="4" type="stmt"/>
        <line num="18" count="3" type="stmt"/>
        <line num="19" count="3" type="cond" truecount="2" falsecount="0"/>
        <line num="21" count="2" type="stmt"/>
        <line num="25" count="2" type="cond" truecount="2" falsecount="0"/>
        <line num="26" count="1" type="stmt"/>
        <line num="29" count="1" type="cond" truecount="1" falsecount="1"/>
        <line num="30" count="1" type="stmt"/>
        <line num="33" count="0" type="stmt"/>
      </file>
    </package>
    <package name="infrastructure.mappers">
      <metrics statements="8" coveredstatements="8" conditionals="2" coveredconditionals="2" methods="4" coveredmethods="4"/>
      <file name="location.mapper.ts" path="/Volumes/OMARSSD/Code/PersonalProjects/weather-app/src/infrastructure/mappers/location.mapper.ts">
        <metrics statements="2" coveredstatements="2" conditionals="2" coveredconditionals="2" methods="1" coveredmethods="1"/>
        <line num="4" count="2" type="stmt"/>
        <line num="6" count="3" type="stmt"/>
      </file>
      <file name="weather.mapper.ts" path="/Volumes/OMARSSD/Code/PersonalProjects/weather-app/src/infrastructure/mappers/weather.mapper.ts">
        <metrics statements="6" coveredstatements="6" conditionals="0" coveredconditionals="0" methods="3" coveredmethods="3"/>
        <line num="6" count="2" type="stmt"/>
        <line num="8" count="5" type="stmt"/>
        <line num="9" count="5" type="stmt"/>
        <line num="11" count="5" type="stmt"/>
        <line num="21" count="11" type="stmt"/>
        <line num="27" count="8" type="stmt"/>
      </file>
    </package>
    <package name="presentation.components.shared">
      <metrics statements="129" coveredstatements="123" conditionals="168" coveredconditionals="84" methods="14" coveredmethods="14"/>
      <file name="CardCurrent.tsx" path="/Volumes/OMARSSD/Code/PersonalProjects/weather-app/src/presentation/components/shared/CardCurrent.tsx">
        <metrics statements="7" coveredstatements="7" conditionals="8" coveredconditionals="4" methods="1" coveredmethods="1"/>
        <line num="9" count="26" type="cond" truecount="1" falsecount="1"/>
        <line num="11" count="26" type="stmt"/>
        <line num="12" count="26" type="stmt"/>
        <line num="17" count="26" type="cond" truecount="1" falsecount="1"/>
        <line num="19" count="26" type="stmt"/>
        <line num="24" count="26" type="cond" truecount="2" falsecount="2"/>
        <line num="25" count="26" type="stmt"/>
      </file>
      <file name="CardDaily.tsx" path="/Volumes/OMARSSD/Code/PersonalProjects/weather-app/src/presentation/components/shared/CardDaily.tsx">
        <metrics statements="13" coveredstatements="13" conditionals="19" coveredconditionals="9" methods="1" coveredmethods="1"/>
        <line num="9" count="8" type="cond" truecount="1" falsecount="1"/>
        <line num="11" count="7" type="stmt"/>
        <line num="14" count="7" type="stmt"/>
        <line num="19" count="7" type="cond" truecount="2" falsecount="2"/>
        <line num="21" count="7" type="stmt"/>
        <line num="25" count="7" type="cond" truecount="1" falsecount="1"/>
        <line num="27" count="7" type="stmt"/>
        <line num="28" count="7" type="stmt"/>
        <line num="33" count="7" type="cond" truecount="1" falsecount="1"/>
        <line num="35" count="7" type="stmt"/>
        <line num="40" count="7" type="cond" truecount="2" falsecount="2"/>
        <line num="41" count="7" type="cond" truecount="2" falsecount="3"/>
        <line num="42" count="7" type="stmt"/>
      </file>
      <file name="CardHourly.tsx" path="/Volumes/OMARSSD/Code/PersonalProjects/weather-app/src/presentation/components/shared/CardHourly.tsx">
        <metrics statements="11" coveredstatements="11" conditionals="16" coveredconditionals="8" methods="1" coveredmethods="1"/>
        <line num="9" count="9" type="cond" truecount="2" falsecount="2"/>
        <line num="11" count="9" type="stmt"/>
        <line num="12" count="9" type="stmt"/>
        <line num="13" count="9" type="stmt"/>
        <line num="17" count="9" type="cond" truecount="1" falsecount="1"/>
        <line num="19" count="9" type="stmt"/>
        <line num="24" count="9" type="cond" truecount="2" falsecount="2"/>
        <line num="25" count="9" type="cond" truecount="1" falsecount="1"/>
        <line num="27" count="9" type="stmt"/>
        <line num="32" count="9" type="cond" truecount="2" falsecount="2"/>
        <line num="33" count="9" type="stmt"/>
      </file>
      <file name="NavBar.tsx" path="/Volumes/OMARSSD/Code/PersonalProjects/weather-app/src/presentation/components/shared/NavBar.tsx">
        <metrics statements="81" coveredstatements="75" conditionals="102" coveredconditionals="51" methods="7" coveredmethods="7"/>
        <line num="16" count="9" type="cond" truecount="1" falsecount="1"/>
        <line num="18" count="9" type="stmt"/>
        <line num="19" count="9" type="cond" truecount="1" falsecount="1"/>
        <line num="22" count="9" type="stmt"/>
        <line num="26" count="9" type="cond" truecount="1" falsecount="1"/>
        <line num="33" count="9" type="stmt"/>
        <line num="40" count="9" type="stmt"/>
        <line num="45" count="9" type="cond" truecount="2" falsecount="2"/>
        <line num="47" count="9" type="stmt"/>
        <line num="50" count="9" type="stmt"/>
        <line num="51" count="1" type="stmt"/>
        <line num="52" count="1" type="stmt"/>
        <line num="53" count="9" type="cond" truecount="1" falsecount="1"/>
        <line num="55" count="9" type="stmt"/>
        <line num="57" count="0" type="stmt"/>
        <line num="59" count="9" type="stmt"/>
        <line num="61" count="9" type="cond" truecount="3" falsecount="1"/>
        <line num="63" count="9" type="cond" truecount="2" falsecount="2"/>
        <line num="65" count="9" type="cond" truecount="2" falsecount="2"/>
        <line num="67" count="9" type="stmt"/>
        <line num="70" count="9" type="stmt"/>
        <line num="71" count="1" type="stmt"/>
        <line num="72" count="1" type="stmt"/>
        <line num="73" count="9" type="cond" truecount="1" falsecount="1"/>
        <line num="75" count="9" type="stmt"/>
        <line num="77" count="0" type="stmt"/>
        <line num="79" count="9" type="stmt"/>
        <line num="81" count="9" type="cond" truecount="3" falsecount="1"/>
        <line num="83" count="9" type="cond" truecount="2" falsecount="2"/>
        <line num="85" count="9" type="cond" truecount="1" falsecount="1"/>
        <line num="87" count="9" type="stmt"/>
        <line num="89" count="9" type="stmt"/>
        <line num="94" count="9" type="cond" truecount="2" falsecount="2"/>
        <line num="96" count="9" type="stmt"/>
        <line num="99" count="9" type="stmt"/>
        <line num="100" count="1" type="stmt"/>
        <line num="101" count="1" type="stmt"/>
        <line num="102" count="9" type="cond" truecount="1" falsecount="1"/>
        <line num="104" count="9" type="stmt"/>
        <line num="106" count="0" type="stmt"/>
        <line num="108" count="9" type="stmt"/>
        <line num="110" count="9" type="cond" truecount="2" falsecount="2"/>
        <line num="112" count="9" type="cond" truecount="2" falsecount="2"/>
        <line num="114" count="9" type="cond" truecount="2" falsecount="2"/>
        <line num="116" count="9" type="stmt"/>
        <line num="119" count="9" type="stmt"/>
        <line num="120" count="1" type="stmt"/>
        <line num="121" count="1" type="stmt"/>
        <line num="122" count="9" type="cond" truecount="1" falsecount="1"/>
        <line num="124" count="9" type="stmt"/>
        <line num="126" count="0" type="stmt"/>
        <line num="128" count="9" type="stmt"/>
        <line num="130" count="9" type="cond" truecount="2" falsecount="2"/>
        <line num="132" count="9" type="cond" truecount="2" falsecount="2"/>
        <line num="134" count="9" type="cond" truecount="1" falsecount="1"/>
        <line num="136" count="9" type="stmt"/>
        <line num="138" count="9" type="stmt"/>
        <line num="143" count="9" type="cond" truecount="2" falsecount="2"/>
        <line num="145" count="9" type="stmt"/>
        <line num="148" count="9" type="stmt"/>
        <line num="149" count="1" type="stmt"/>
        <line num="150" count="1" type="stmt"/>
        <line num="151" count="9" type="cond" truecount="1" falsecount="1"/>
        <line num="153" count="9" type="stmt"/>
        <line num="155" count="0" type="stmt"/>
        <line num="157" count="9" type="stmt"/>
        <line num="159" count="9" type="cond" truecount="2" falsecount="2"/>
        <line num="161" count="9" type="cond" truecount="2" falsecount="2"/>
        <line num="163" count="9" type="cond" truecount="2" falsecount="2"/>
        <line num="165" count="9" type="stmt"/>
        <line num="168" count="9" type="stmt"/>
        <line num="169" count="1" type="stmt"/>
        <line num="170" count="1" type="stmt"/>
        <line num="171" count="9" type="cond" truecount="1" falsecount="1"/>
        <line num="173" count="9" type="stmt"/>
        <line num="175" count="0" type="stmt"/>
        <line num="177" count="9" type="stmt"/>
        <line num="179" count="9" type="cond" truecount="2" falsecount="2"/>
        <line num="181" count="9" type="cond" truecount="2" falsecount="2"/>
        <line num="183" count="9" type="cond" truecount="2" falsecount="6"/>
        <line num="186" count="9" type="stmt"/>
      </file>
      <file name="ScreenError.tsx" path="/Volumes/OMARSSD/Code/PersonalProjects/weather-app/src/presentation/components/shared/ScreenError.tsx">
        <metrics statements="3" coveredstatements="3" conditionals="2" coveredconditionals="1" methods="1" coveredmethods="1"/>
        <line num="4" count="8" type="cond" truecount="1" falsecount="1"/>
        <line num="6" count="1" type="stmt"/>
        <line num="26" count="1" type="stmt"/>
      </file>
      <file name="SkeletonLayout.tsx" path="/Volumes/OMARSSD/Code/PersonalProjects/weather-app/src/presentation/components/shared/SkeletonLayout.tsx">
        <metrics statements="10" coveredstatements="10" conditionals="12" coveredconditionals="6" methods="2" coveredmethods="2"/>
        <line num="1" count="12" type="cond" truecount="1" falsecount="1"/>
        <line num="3" count="1" type="stmt"/>
        <line num="4" count="1" type="stmt"/>
        <line num="5" count="1" type="cond" truecount="1" falsecount="1"/>
        <line num="7" count="1" type="stmt"/>
        <line num="12" count="1" type="cond" truecount="1" falsecount="1"/>
        <line num="15" count="1" type="cond" truecount="1" falsecount="1"/>
        <line num="22" count="1" type="cond" truecount="1" falsecount="1"/>
        <line num="26" count="1" type="cond" truecount="1" falsecount="1"/>
        <line num="38" count="1" type="stmt"/>
      </file>
      <file name="Text.tsx" path="/Volumes/OMARSSD/Code/PersonalProjects/weather-app/src/presentation/components/shared/Text.tsx">
        <metrics statements="4" coveredstatements="4" conditionals="9" coveredconditionals="5" methods="1" coveredmethods="1"/>
        <line num="7" count="161" type="cond" truecount="1" falsecount="1"/>
        <line num="9" count="161" type="stmt"/>
        <line num="10" count="161" type="cond" truecount="4" falsecount="3"/>
        <line num="14" count="161" type="stmt"/>
      </file>
      <file name="index.ts" path="/Volumes/OMARSSD/Code/PersonalProjects/weather-app/src/presentation/components/shared/index.ts">
        <metrics statements="0" coveredstatements="0" conditionals="0" coveredconditionals="0" methods="0" coveredmethods="0"/>
      </file>
    </package>
    <package name="presentation.components.weather">
      <metrics statements="73" coveredstatements="69" conditionals="97" coveredconditionals="61" methods="15" coveredmethods="14"/>
      <file name="DisplayCurrentWeather.tsx" path="/Volumes/OMARSSD/Code/PersonalProjects/weather-app/src/presentation/components/weather/DisplayCurrentWeather.tsx">
        <metrics statements="35" coveredstatements="32" conditionals="48" coveredconditionals="25" methods="2" coveredmethods="2"/>
        <line num="16" count="24" type="stmt"/>
        <line num="17" count="6" type="stmt"/>
        <line num="18" count="6" type="stmt"/>
        <line num="20" count="6" type="cond" truecount="1" falsecount="1"/>
        <line num="21" count="0" type="stmt"/>
        <line num="22" count="6" type="stmt"/>
        <line num="24" count="6" type="cond" truecount="1" falsecount="1"/>
        <line num="25" count="0" type="stmt"/>
        <line num="26" count="6" type="stmt"/>
        <line num="28" count="6" type="cond" truecount="3" falsecount="1"/>
        <line num="29" count="0" type="stmt"/>
        <line num="30" count="6" type="stmt"/>
        <line num="32" count="6" type="cond" truecount="3" falsecount="1"/>
        <line num="33" count="6" type="cond" truecount="2" falsecount="4"/>
        <line num="34" count="6" type="cond" truecount="1" falsecount="1"/>
        <line num="37" count="6" type="stmt"/>
        <line num="38" count="6" type="stmt"/>
        <line num="40" count="6" type="stmt"/>
        <line num="42" count="6" type="stmt"/>
        <line num="43" count="6" type="stmt"/>
        <line num="47" count="6" type="cond" truecount="1" falsecount="1"/>
        <line num="48" count="6" type="cond" truecount="1" falsecount="1"/>
        <line num="49" count="6" type="stmt"/>
        <line num="54" count="6" type="cond" truecount="2" falsecount="2"/>
        <line num="55" count="6" type="cond" truecount="2" falsecount="2"/>
        <line num="57" count="6" type="stmt"/>
        <line num="58" count="6" type="stmt"/>
        <line num="62" count="6" type="cond" truecount="1" falsecount="1"/>
        <line num="64" count="6" type="stmt"/>
        <line num="66" count="6" type="cond" truecount="2" falsecount="2"/>
        <line num="67" count="6" type="cond" truecount="2" falsecount="2"/>
        <line num="68" count="6" type="cond" truecount="1" falsecount="1"/>
        <line num="70" count="6" type="stmt"/>
        <line num="80" count="6" type="cond" truecount="2" falsecount="2"/>
        <line num="81" count="6" type="stmt"/>
      </file>
      <file name="DisplayDailyForecast.tsx" path="/Volumes/OMARSSD/Code/PersonalProjects/weather-app/src/presentation/components/weather/DisplayDailyForecast.tsx">
        <metrics statements="7" coveredstatements="7" conditionals="6" coveredconditionals="3" methods="2" coveredmethods="2"/>
        <line num="9" count="6" type="cond" truecount="1" falsecount="1"/>
        <line num="11" count="3" type="stmt"/>
        <line num="12" count="3" type="stmt"/>
        <line num="17" count="3" type="cond" truecount="1" falsecount="1"/>
        <line num="21" count="3" type="stmt"/>
        <line num="26" count="3" type="cond" truecount="1" falsecount="1"/>
        <line num="29" count="3" type="stmt"/>
      </file>
      <file name="DisplayHourlyForcast.tsx" path="/Volumes/OMARSSD/Code/PersonalProjects/weather-app/src/presentation/components/weather/DisplayHourlyForcast.tsx">
        <metrics statements="21" coveredstatements="21" conditionals="28" coveredconditionals="19" methods="4" coveredmethods="4"/>
        <line num="13" count="1" type="stmt"/>
        <line num="15" count="28" type="stmt"/>
        <line num="17" count="5" type="cond" truecount="3" falsecount="1"/>
        <line num="18" count="12" type="cond" truecount="4" falsecount="0"/>
        <line num="21" count="5" type="stmt"/>
        <line num="22" count="5" type="stmt"/>
        <line num="23" count="4" type="stmt"/>
        <line num="28" count="5" type="cond" truecount="1" falsecount="1"/>
        <line num="31" count="5" type="stmt"/>
        <line num="34" count="5" type="stmt"/>
        <line num="36" count="5" type="cond" truecount="2" falsecount="0"/>
        <line num="38" count="5" type="cond" truecount="1" falsecount="1"/>
        <line num="39" count="5" type="cond" truecount="2" falsecount="0"/>
        <line num="41" count="4" type="stmt"/>
        <line num="61" count="5" type="cond" truecount="2" falsecount="2"/>
        <line num="63" count="5" type="cond" truecount="1" falsecount="1"/>
        <line num="65" count="5" type="stmt"/>
        <line num="67" count="5" type="stmt"/>
        <line num="69" count="5" type="cond" truecount="1" falsecount="1"/>
        <line num="71" count="5" type="cond" truecount="2" falsecount="2"/>
        <line num="72" count="5" type="stmt"/>
      </file>
      <file name="SearchBar.tsx" path="/Volumes/OMARSSD/Code/PersonalProjects/weather-app/src/presentation/components/weather/SearchBar.tsx">
        <metrics statements="10" coveredstatements="9" conditionals="15" coveredconditionals="14" methods="7" coveredmethods="6"/>
        <line num="12" count="1" type="stmt"/>
        <line num="14" count="10" type="stmt"/>
        <line num="15" count="10" type="cond" truecount="1" falsecount="0"/>
        <line num="17" count="10" type="stmt"/>
        <line num="19" count="1" type="cond" truecount="2" falsecount="0"/>
        <line num="24" count="0" type="stmt"/>
        <line num="36" count="10" type="cond" truecount="2" falsecount="0"/>
        <line num="37" count="1" type="stmt"/>
        <line num="44" count="2" type="cond" truecount="2" falsecount="0"/>
        <line num="66" count="2" type="stmt"/>
      </file>
    </package>
    <package name="presentation.hooks">
      <metrics statements="28" coveredstatements="28" conditionals="38" coveredconditionals="26" methods="5" coveredmethods="5"/>
      <file name="useLocation.tsx" path="/Volumes/OMARSSD/Code/PersonalProjects/weather-app/src/presentation/hooks/useLocation.tsx">
        <metrics statements="10" coveredstatements="10" conditionals="11" coveredconditionals="5" methods="2" coveredmethods="2"/>
        <line num="7" count="7" type="stmt"/>
        <line num="9" count="7" type="stmt"/>
        <line num="10" count="7" type="cond" truecount="1" falsecount="1"/>
        <line num="12" count="7" type="stmt"/>
        <line num="13" count="7" type="stmt"/>
        <line num="14" count="2" type="stmt"/>
        <line num="15" count="7" type="cond" truecount="2" falsecount="3"/>
        <line num="18" count="7" type="cond" truecount="2" falsecount="2"/>
        <line num="20" count="7" type="stmt"/>
        <line num="24" count="7" type="stmt"/>
      </file>
      <file name="useWeather.tsx" path="/Volumes/OMARSSD/Code/PersonalProjects/weather-app/src/presentation/hooks/useWeather.tsx">
        <metrics statements="18" coveredstatements="18" conditionals="27" coveredconditionals="21" methods="3" coveredmethods="3"/>
        <line num="15" count="8" type="stmt"/>
        <line num="17" count="8" type="cond" truecount="2" falsecount="0"/>
        <line num="19" count="8" type="stmt"/>
        <line num="22" count="8" type="cond" truecount="2" falsecount="0"/>
        <line num="24" count="8" type="stmt"/>
        <line num="28" count="3" type="stmt"/>
        <line num="30" count="8" type="cond" truecount="5" falsecount="1"/>
        <line num="32" count="8" type="stmt"/>
        <line num="33" count="8" type="cond" truecount="4" falsecount="1"/>
        <line num="34" count="2" type="stmt"/>
        <line num="41" count="8" type="cond" truecount="3" falsecount="2"/>
        <line num="45" count="8" type="cond" truecount="2" falsecount="0"/>
        <line num="47" count="8" type="stmt"/>
        <line num="48" count="2" type="stmt"/>
        <line num="49" count="2" type="stmt"/>
        <line num="50" count="8" type="cond" truecount="3" falsecount="2"/>
        <line num="52" count="8" type="stmt"/>
        <line num="58" count="8" type="stmt"/>
      </file>
    </package>
    <package name="presentation.utils">
      <metrics statements="9" coveredstatements="9" conditionals="0" coveredconditionals="0" methods="3" coveredmethods="3"/>
      <file name="date.util.ts" path="/Volumes/OMARSSD/Code/PersonalProjects/weather-app/src/presentation/utils/date.util.ts">
        <metrics statements="9" coveredstatements="9" conditionals="0" coveredconditionals="0" methods="3" coveredmethods="3"/>
        <line num="1" count="3" type="stmt"/>
        <line num="2" count="6" type="stmt"/>
        <line num="4" count="6" type="stmt"/>
        <line num="12" count="3" type="stmt"/>
        <line num="13" count="12" type="stmt"/>
        <line num="15" count="12" type="stmt"/>
        <line num="22" count="3" type="stmt"/>
        <line num="23" count="20" type="stmt"/>
        <line num="25" count="20" type="stmt"/>
      </file>
    </package>
  </project>
</coverage>
