{"/Volumes/OMARSSD/Code/PersonalProjects/weather-app/src/assets/images/app/bg-today-large.svg": {"path":"/Volumes/OMARSSD/Code/PersonalProjects/weather-app/src/assets/images/app/bg-today-large.svg","statementMap":{},"fnMap":{},"branchMap":{},"s":{},"f":{},"b":{},"meta":{"lastBranch":0,"lastFunction":0,"lastStatement":0,"seen":{},"fnNames":{}}}
,"/Volumes/OMARSSD/Code/PersonalProjects/weather-app/src/assets/images/app/logo.svg": {"path":"/Volumes/OMARSSD/Code/PersonalProjects/weather-app/src/assets/images/app/logo.svg","statementMap":{},"fnMap":{},"branchMap":{},"s":{},"f":{},"b":{},"meta":{"lastBranch":0,"lastFunction":0,"lastStatement":0,"seen":{},"fnNames":{}}}
,"/Volumes/OMARSSD/Code/PersonalProjects/weather-app/src/assets/images/icons/icon-checkmark.svg": {"path":"/Volumes/OMARSSD/Code/PersonalProjects/weather-app/src/assets/images/icons/icon-checkmark.svg","statementMap":{},"fnMap":{},"branchMap":{},"s":{},"f":{},"b":{},"meta":{"lastBranch":0,"lastFunction":0,"lastStatement":0,"seen":{},"fnNames":{}}}
,"/Volumes/OMARSSD/Code/PersonalProjects/weather-app/src/assets/images/icons/icon-dropdown.svg": {"path":"/Volumes/OMARSSD/Code/PersonalProjects/weather-app/src/assets/images/icons/icon-dropdown.svg","statementMap":{},"fnMap":{},"branchMap":{},"s":{},"f":{},"b":{},"meta":{"lastBranch":0,"lastFunction":0,"lastStatement":0,"seen":{},"fnNames":{}}}
,"/Volumes/OMARSSD/Code/PersonalProjects/weather-app/src/assets/images/icons/icon-error.svg": {"path":"/Volumes/OMARSSD/Code/PersonalProjects/weather-app/src/assets/images/icons/icon-error.svg","statementMap":{},"fnMap":{},"branchMap":{},"s":{},"f":{},"b":{},"meta":{"lastBranch":0,"lastFunction":0,"lastStatement":0,"seen":{},"fnNames":{}}}
,"/Volumes/OMARSSD/Code/PersonalProjects/weather-app/src/assets/images/icons/icon-search.svg": {"path":"/Volumes/OMARSSD/Code/PersonalProjects/weather-app/src/assets/images/icons/icon-search.svg","statementMap":{},"fnMap":{},"branchMap":{},"s":{},"f":{},"b":{},"meta":{"lastBranch":0,"lastFunction":0,"lastStatement":0,"seen":{},"fnNames":{}}}
,"/Volumes/OMARSSD/Code/PersonalProjects/weather-app/src/assets/images/icons/icon-units.svg": {"path":"/Volumes/OMARSSD/Code/PersonalProjects/weather-app/src/assets/images/icons/icon-units.svg","statementMap":{},"fnMap":{},"branchMap":{},"s":{},"f":{},"b":{},"meta":{"lastBranch":0,"lastFunction":0,"lastStatement":0,"seen":{},"fnNames":{}}}
,"/Volumes/OMARSSD/Code/PersonalProjects/weather-app/src/assets/images/weather/icon-drizzle.webp": {"path":"/Volumes/OMARSSD/Code/PersonalProjects/weather-app/src/assets/images/weather/icon-drizzle.webp","statementMap":{},"fnMap":{},"branchMap":{},"s":{},"f":{},"b":{},"meta":{"lastBranch":0,"lastFunction":0,"lastStatement":0,"seen":{},"fnNames":{}}}
,"/Volumes/OMARSSD/Code/PersonalProjects/weather-app/src/assets/images/weather/icon-fog.webp": {"path":"/Volumes/OMARSSD/Code/PersonalProjects/weather-app/src/assets/images/weather/icon-fog.webp","statementMap":{},"fnMap":{},"branchMap":{},"s":{},"f":{},"b":{},"meta":{"lastBranch":0,"lastFunction":0,"lastStatement":0,"seen":{},"fnNames":{}}}
,"/Volumes/OMARSSD/Code/PersonalProjects/weather-app/src/assets/images/weather/icon-overcast.webp": {"path":"/Volumes/OMARSSD/Code/PersonalProjects/weather-app/src/assets/images/weather/icon-overcast.webp","statementMap":{},"fnMap":{},"branchMap":{},"s":{},"f":{},"b":{},"meta":{"lastBranch":0,"lastFunction":0,"lastStatement":0,"seen":{},"fnNames":{}}}
,"/Volumes/OMARSSD/Code/PersonalProjects/weather-app/src/assets/images/weather/icon-partly-cloudy.webp": {"path":"/Volumes/OMARSSD/Code/PersonalProjects/weather-app/src/assets/images/weather/icon-partly-cloudy.webp","statementMap":{},"fnMap":{},"branchMap":{},"s":{},"f":{},"b":{},"meta":{"lastBranch":0,"lastFunction":0,"lastStatement":0,"seen":{},"fnNames":{}}}
,"/Volumes/OMARSSD/Code/PersonalProjects/weather-app/src/assets/images/weather/icon-rain.webp": {"path":"/Volumes/OMARSSD/Code/PersonalProjects/weather-app/src/assets/images/weather/icon-rain.webp","statementMap":{},"fnMap":{},"branchMap":{},"s":{},"f":{},"b":{},"meta":{"lastBranch":0,"lastFunction":0,"lastStatement":0,"seen":{},"fnNames":{}}}
,"/Volumes/OMARSSD/Code/PersonalProjects/weather-app/src/assets/images/weather/icon-snow.webp": {"path":"/Volumes/OMARSSD/Code/PersonalProjects/weather-app/src/assets/images/weather/icon-snow.webp","statementMap":{},"fnMap":{},"branchMap":{},"s":{},"f":{},"b":{},"meta":{"lastBranch":0,"lastFunction":0,"lastStatement":0,"seen":{},"fnNames":{}}}
,"/Volumes/OMARSSD/Code/PersonalProjects/weather-app/src/assets/images/weather/icon-storm.webp": {"path":"/Volumes/OMARSSD/Code/PersonalProjects/weather-app/src/assets/images/weather/icon-storm.webp","statementMap":{},"fnMap":{},"branchMap":{},"s":{},"f":{},"b":{},"meta":{"lastBranch":0,"lastFunction":0,"lastStatement":0,"seen":{},"fnNames":{}}}
,"/Volumes/OMARSSD/Code/PersonalProjects/weather-app/src/assets/images/weather/icon-sunny.webp": {"path":"/Volumes/OMARSSD/Code/PersonalProjects/weather-app/src/assets/images/weather/icon-sunny.webp","statementMap":{},"fnMap":{},"branchMap":{},"s":{},"f":{},"b":{},"meta":{"lastBranch":0,"lastFunction":0,"lastStatement":0,"seen":{},"fnNames":{}}}
,"/Volumes/OMARSSD/Code/PersonalProjects/weather-app/src/config/weather-conditions.ts": {"path":"/Volumes/OMARSSD/Code/PersonalProjects/weather-app/src/config/weather-conditions.ts","statementMap":{"0":{"start":{"line":16,"column":71},"end":{"line":54,"column":null}},"1":{"start":{"line":56,"column":13},"end":{"line":58,"column":null}},"2":{"start":{"line":57,"column":4},"end":{"line":57,"column":null}}},"fnMap":{"0":{"name":"(anonymous_0)","decl":{"start":{"line":56,"column":13},"end":{"line":56,"column":34}},"loc":{"start":{"line":56,"column":75},"end":{"line":58,"column":null}},"line":56}},"branchMap":{"0":{"loc":{"start":{"line":57,"column":11},"end":{"line":57,"column":null}},"type":"binary-expr","locations":[{"start":{"line":57,"column":11},"end":{"line":57,"column":36}},{"start":{"line":57,"column":36},"end":{"line":57,"column":null}}],"line":57}},"s":{"0":5,"1":5,"2":33},"f":{"0":33},"b":{"0":[33,1]},"meta":{"lastBranch":1,"lastFunction":1,"lastStatement":3,"seen":{"s:16:71:54:Infinity":0,"s:56:13:58:Infinity":1,"f:56:13:56:34":0,"s:57:4:57:Infinity":2,"b:57:11:57:36:57:36:57:Infinity":0},"fnNames":{}}}
,"/Volumes/OMARSSD/Code/PersonalProjects/weather-app/src/domain/dtos/location.dto.ts": {"path":"/Volumes/OMARSSD/Code/PersonalProjects/weather-app/src/domain/dtos/location.dto.ts","statementMap":{"0":{"start":{"line":5,"column":34},"end":{"line":21,"column":null}},"1":{"start":{"line":24,"column":38},"end":{"line":29,"column":null}}},"fnMap":{},"branchMap":{},"s":{"0":1,"1":1},"f":{},"b":{},"meta":{"lastBranch":0,"lastFunction":0,"lastStatement":2,"seen":{"s:5:34:21:Infinity":0,"s:24:38:29:Infinity":1},"fnNames":{}}}
,"/Volumes/OMARSSD/Code/PersonalProjects/weather-app/src/domain/dtos/weather.dto.ts": {"path":"/Volumes/OMARSSD/Code/PersonalProjects/weather-app/src/domain/dtos/weather.dto.ts","statementMap":{"0":{"start":{"line":4,"column":37},"end":{"line":64,"column":null}}},"fnMap":{},"branchMap":{},"s":{"0":1},"f":{},"b":{},"meta":{"lastBranch":0,"lastFunction":0,"lastStatement":1,"seen":{"s:4:37:64:Infinity":0},"fnNames":{}}}
,"/Volumes/OMARSSD/Code/PersonalProjects/weather-app/src/infrastructure/actions/get-weather.action.ts": {"path":"/Volumes/OMARSSD/Code/PersonalProjects/weather-app/src/infrastructure/actions/get-weather.action.ts","statementMap":{"0":{"start":{"line":14,"column":32},"end":{"line":54,"column":null}},"1":{"start":{"line":22,"column":4},"end":{"line":52,"column":null}},"2":{"start":{"line":24,"column":25},"end":{"line":35,"column":null}},"3":{"start":{"line":37,"column":30},"end":{"line":37,"column":null}},"4":{"start":{"line":38,"column":8},"end":{"line":38,"column":null}},"5":{"start":{"line":38,"column":33},"end":{"line":38,"column":null}},"6":{"start":{"line":40,"column":8},"end":{"line":40,"column":null}},"7":{"start":{"line":43,"column":8},"end":{"line":45,"column":null}},"8":{"start":{"line":44,"column":12},"end":{"line":44,"column":null}},"9":{"start":{"line":47,"column":8},"end":{"line":49,"column":null}},"10":{"start":{"line":48,"column":12},"end":{"line":48,"column":null}},"11":{"start":{"line":51,"column":8},"end":{"line":51,"column":null}}},"fnMap":{"0":{"name":"(anonymous_0)","decl":{"start":{"line":14,"column":32},"end":{"line":14,"column":39}},"loc":{"start":{"line":20,"column":38},"end":{"line":54,"column":null}},"line":20}},"branchMap":{"0":{"loc":{"start":{"line":38,"column":8},"end":{"line":38,"column":null}},"type":"if","locations":[{"start":{"line":38,"column":8},"end":{"line":38,"column":null}},{"start":{},"end":{}}],"line":38},"1":{"loc":{"start":{"line":43,"column":8},"end":{"line":45,"column":null}},"type":"if","locations":[{"start":{"line":43,"column":8},"end":{"line":45,"column":null}},{"start":{},"end":{}}],"line":43},"2":{"loc":{"start":{"line":47,"column":8},"end":{"line":49,"column":null}},"type":"if","locations":[{"start":{"line":47,"column":8},"end":{"line":49,"column":null}},{"start":{},"end":{}}],"line":47}},"s":{"0":1,"1":3,"2":3,"3":2,"4":2,"5":2,"6":1,"7":2,"8":1,"9":1,"10":1,"11":0},"f":{"0":3},"b":{"0":[1,1],"1":[1,1],"2":[1,0]},"meta":{"lastBranch":3,"lastFunction":1,"lastStatement":12,"seen":{"s:14:32:54:Infinity":0,"f:14:32:14:39":0,"s:22:4:52:Infinity":1,"s:24:25:35:Infinity":2,"s:37:30:37:Infinity":3,"b:38:8:38:Infinity:undefined:undefined:undefined:undefined":0,"s:38:8:38:Infinity":4,"s:38:33:38:Infinity":5,"s:40:8:40:Infinity":6,"b:43:8:45:Infinity:undefined:undefined:undefined:undefined":1,"s:43:8:45:Infinity":7,"s:44:12:44:Infinity":8,"b:47:8:49:Infinity:undefined:undefined:undefined:undefined":2,"s:47:8:49:Infinity":9,"s:48:12:48:Infinity":10,"s:51:8:51:Infinity":11},"fnNames":{}}}
,"/Volumes/OMARSSD/Code/PersonalProjects/weather-app/src/infrastructure/actions/search-location.action.ts": {"path":"/Volumes/OMARSSD/Code/PersonalProjects/weather-app/src/infrastructure/actions/search-location.action.ts","statementMap":{"0":{"start":{"line":6,"column":36},"end":{"line":36,"column":null}},"1":{"start":{"line":8,"column":4},"end":{"line":34,"column":null}},"2":{"start":{"line":10,"column":25},"end":{"line":16,"column":null}},"3":{"start":{"line":18,"column":30},"end":{"line":18,"column":null}},"4":{"start":{"line":19,"column":8},"end":{"line":19,"column":null}},"5":{"start":{"line":19,"column":33},"end":{"line":19,"column":null}},"6":{"start":{"line":21,"column":8},"end":{"line":21,"column":null}},"7":{"start":{"line":25,"column":8},"end":{"line":27,"column":null}},"8":{"start":{"line":26,"column":12},"end":{"line":26,"column":null}},"9":{"start":{"line":29,"column":8},"end":{"line":31,"column":null}},"10":{"start":{"line":30,"column":12},"end":{"line":30,"column":null}},"11":{"start":{"line":33,"column":8},"end":{"line":33,"column":null}}},"fnMap":{"0":{"name":"(anonymous_0)","decl":{"start":{"line":6,"column":36},"end":{"line":6,"column":43}},"loc":{"start":{"line":6,"column":87},"end":{"line":36,"column":null}},"line":6}},"branchMap":{"0":{"loc":{"start":{"line":19,"column":8},"end":{"line":19,"column":null}},"type":"if","locations":[{"start":{"line":19,"column":8},"end":{"line":19,"column":null}},{"start":{},"end":{}}],"line":19},"1":{"loc":{"start":{"line":25,"column":8},"end":{"line":27,"column":null}},"type":"if","locations":[{"start":{"line":25,"column":8},"end":{"line":27,"column":null}},{"start":{},"end":{}}],"line":25},"2":{"loc":{"start":{"line":29,"column":8},"end":{"line":31,"column":null}},"type":"if","locations":[{"start":{"line":29,"column":8},"end":{"line":31,"column":null}},{"start":{},"end":{}}],"line":29}},"s":{"0":1,"1":4,"2":4,"3":3,"4":3,"5":1,"6":2,"7":2,"8":1,"9":1,"10":1,"11":0},"f":{"0":4},"b":{"0":[1,2],"1":[1,1],"2":[1,0]},"meta":{"lastBranch":3,"lastFunction":1,"lastStatement":12,"seen":{"s:6:36:36:Infinity":0,"f:6:36:6:43":0,"s:8:4:34:Infinity":1,"s:10:25:16:Infinity":2,"s:18:30:18:Infinity":3,"b:19:8:19:Infinity:undefined:undefined:undefined:undefined":0,"s:19:8:19:Infinity":4,"s:19:33:19:Infinity":5,"s:21:8:21:Infinity":6,"b:25:8:27:Infinity:undefined:undefined:undefined:undefined":1,"s:25:8:27:Infinity":7,"s:26:12:26:Infinity":8,"b:29:8:31:Infinity:undefined:undefined:undefined:undefined":2,"s:29:8:31:Infinity":9,"s:30:12:30:Infinity":10,"s:33:8:33:Infinity":11},"fnNames":{}}}
,"/Volumes/OMARSSD/Code/PersonalProjects/weather-app/src/infrastructure/mappers/location.mapper.ts": {"path":"/Volumes/OMARSSD/Code/PersonalProjects/weather-app/src/infrastructure/mappers/location.mapper.ts","statementMap":{"0":{"start":{"line":4,"column":13},"end":{"line":13,"column":null}},"1":{"start":{"line":6,"column":4},"end":{"line":12,"column":null}}},"fnMap":{"0":{"name":"(anonymous_0)","decl":{"start":{"line":4,"column":13},"end":{"line":4,"column":31}},"loc":{"start":{"line":4,"column":80},"end":{"line":13,"column":null}},"line":4}},"branchMap":{"0":{"loc":{"start":{"line":11,"column":15},"end":{"line":11,"column":null}},"type":"binary-expr","locations":[{"start":{"line":11,"column":15},"end":{"line":11,"column":37}},{"start":{"line":11,"column":37},"end":{"line":11,"column":null}}],"line":11}},"s":{"0":2,"1":3},"f":{"0":3},"b":{"0":[3,1]},"meta":{"lastBranch":1,"lastFunction":1,"lastStatement":2,"seen":{"s:4:13:13:Infinity":0,"f:4:13:4:31":0,"s:6:4:12:Infinity":1,"b:11:15:11:37:11:37:11:Infinity":0},"fnNames":{}}}
,"/Volumes/OMARSSD/Code/PersonalProjects/weather-app/src/infrastructure/mappers/weather.mapper.ts": {"path":"/Volumes/OMARSSD/Code/PersonalProjects/weather-app/src/infrastructure/mappers/weather.mapper.ts","statementMap":{"0":{"start":{"line":6,"column":13},"end":{"line":34,"column":null}},"1":{"start":{"line":8,"column":24},"end":{"line":8,"column":null}},"2":{"start":{"line":9,"column":23},"end":{"line":9,"column":null}},"3":{"start":{"line":11,"column":4},"end":{"line":33,"column":null}},"4":{"start":{"line":21,"column":67},"end":{"line":26,"column":10}},"5":{"start":{"line":27,"column":65},"end":{"line":32,"column":10}}},"fnMap":{"0":{"name":"(anonymous_0)","decl":{"start":{"line":6,"column":13},"end":{"line":6,"column":30}},"loc":{"start":{"line":6,"column":72},"end":{"line":34,"column":null}},"line":6},"1":{"name":"(anonymous_1)","decl":{"start":{"line":21,"column":49},"end":{"line":21,"column":53}},"loc":{"start":{"line":21,"column":67},"end":{"line":26,"column":10}},"line":21},"2":{"name":"(anonymous_2)","decl":{"start":{"line":27,"column":47},"end":{"line":27,"column":51}},"loc":{"start":{"line":27,"column":65},"end":{"line":32,"column":10}},"line":27}},"branchMap":{},"s":{"0":2,"1":5,"2":5,"3":5,"4":11,"5":8},"f":{"0":5,"1":11,"2":8},"b":{},"meta":{"lastBranch":0,"lastFunction":3,"lastStatement":6,"seen":{"s:6:13:34:Infinity":0,"f:6:13:6:30":0,"s:8:24:8:Infinity":1,"s:9:23:9:Infinity":2,"s:11:4:33:Infinity":3,"f:21:49:21:53":1,"s:21:67:26:10":4,"f:27:47:27:51":2,"s:27:65:32:10":5},"fnNames":{}}}
,"/Volumes/OMARSSD/Code/PersonalProjects/weather-app/src/presentation/components/shared/CardCurrent.tsx": {"path":"/Volumes/OMARSSD/Code/PersonalProjects/weather-app/src/presentation/components/shared/CardCurrent.tsx","statementMap":{"0":{"start":{"line":9,"column":13},"end":{"line":25,"column":null}},"1":{"start":{"line":9,"column":38},"end":{"line":9,"column":39}},"2":{"start":{"line":9,"column":39},"end":{"line":9,"column":55}},"3":{"start":{"line":9,"column":55},"end":{"line":17,"column":null}},"4":{"start":{"line":12,"column":12},"end":{"line":12,"column":null}},"5":{"start":{"line":17,"column":19},"end":{"line":17,"column":null}},"6":{"start":{"line":17,"column":19},"end":{"line":24,"column":null}},"7":{"start":{"line":19,"column":12},"end":{"line":19,"column":null}},"8":{"start":{"line":24,"column":19},"end":{"line":24,"column":null}},"9":{"start":{"line":24,"column":19},"end":{"line":25,"column":null}},"10":{"start":{"line":11,"column":8},"end":{"line":25,"column":null}},"11":{"start":{"line":25,"column":14},"end":{"line":25,"column":null}},"12":{"start":{"line":25,"column":14},"end":{"line":11,"column":23}}},"fnMap":{"0":{"name":"(anonymous_0)","decl":{"start":{"line":9,"column":13},"end":{"line":9,"column":38}},"loc":{"start":{"line":9,"column":38},"end":{"line":25,"column":null}},"line":9}},"branchMap":{"0":{"loc":{"start":{"line":9,"column":55},"end":{"line":17,"column":null}},"type":"if","locations":[{"start":{"line":9,"column":55},"end":{"line":17,"column":null}},{"start":{"line":17,"column":19},"end":{"line":17,"column":null}}],"line":9},"1":{"loc":{"start":{"line":17,"column":19},"end":{"line":24,"column":null}},"type":"if","locations":[{"start":{"line":17,"column":19},"end":{"line":24,"column":null}},{"start":{"line":24,"column":19},"end":{"line":24,"column":null}}],"line":17},"2":{"loc":{"start":{"line":24,"column":19},"end":{"line":25,"column":null}},"type":"if","locations":[{"start":{"line":24,"column":19},"end":{"line":25,"column":null}},{"start":{"line":25,"column":14},"end":{"line":25,"column":null}}],"line":24},"3":{"loc":{"start":{"line":24,"column":19},"end":{"line":24,"column":null}},"type":"binary-expr","locations":[{"start":{"line":24,"column":19},"end":{"line":24,"column":null}},{"start":{"line":24,"column":19},"end":{"line":24,"column":null}}],"line":24}},"s":{"0":8,"1":26,"2":26,"3":26,"4":26,"5":0,"6":26,"7":26,"8":0,"9":26,"10":26,"11":0,"12":26},"f":{"0":26},"b":{"0":[26,0],"1":[26,0],"2":[26,0],"3":[26,0]},"meta":{"lastBranch":4,"lastFunction":1,"lastStatement":13,"seen":{"s:9:13:25:Infinity":0,"f:9:13:9:38":0,"s:9:38:9:39":1,"s:9:39:9:55":2,"b:9:55:17:Infinity:17:19:17:Infinity":0,"s:9:55:17:Infinity":3,"s:12:12:12:Infinity":4,"s:17:19:17:Infinity":5,"b:17:19:24:Infinity:24:19:24:Infinity":1,"s:17:19:24:Infinity":6,"s:19:12:19:Infinity":7,"s:24:19:24:Infinity":8,"b:24:19:25:Infinity:25:14:25:Infinity":2,"s:24:19:25:Infinity":9,"b:24:19:24:Infinity:24:19:24:Infinity":3,"s:11:8:25:Infinity":10,"s:25:14:25:Infinity":11,"s:25:14:11:23":12},"fnNames":{}}}
,"/Volumes/OMARSSD/Code/PersonalProjects/weather-app/src/presentation/components/shared/CardDaily.tsx": {"path":"/Volumes/OMARSSD/Code/PersonalProjects/weather-app/src/presentation/components/shared/CardDaily.tsx","statementMap":{"0":{"start":{"line":9,"column":13},"end":{"line":42,"column":null}},"1":{"start":{"line":9,"column":36},"end":{"line":9,"column":37}},"2":{"start":{"line":9,"column":37},"end":{"line":9,"column":46}},"3":{"start":{"line":9,"column":46},"end":{"line":19,"column":null}},"4":{"start":{"line":14,"column":12},"end":{"line":14,"column":null}},"5":{"start":{"line":19,"column":19},"end":{"line":19,"column":null}},"6":{"start":{"line":19,"column":19},"end":{"line":25,"column":null}},"7":{"start":{"line":21,"column":12},"end":{"line":24,"column":null}},"8":{"start":{"line":25,"column":14},"end":{"line":25,"column":null}},"9":{"start":{"line":25,"column":14},"end":{"line":33,"column":null}},"10":{"start":{"line":28,"column":16},"end":{"line":28,"column":null}},"11":{"start":{"line":33,"column":23},"end":{"line":33,"column":null}},"12":{"start":{"line":33,"column":23},"end":{"line":40,"column":null}},"13":{"start":{"line":35,"column":16},"end":{"line":35,"column":null}},"14":{"start":{"line":40,"column":23},"end":{"line":40,"column":null}},"15":{"start":{"line":40,"column":23},"end":{"line":41,"column":null}},"16":{"start":{"line":27,"column":12},"end":{"line":41,"column":null}},"17":{"start":{"line":41,"column":18},"end":{"line":41,"column":null}},"18":{"start":{"line":41,"column":18},"end":{"line":42,"column":null}},"19":{"start":{"line":11,"column":8},"end":{"line":42,"column":null}},"20":{"start":{"line":42,"column":14},"end":{"line":42,"column":null}},"21":{"start":{"line":42,"column":14},"end":{"line":11,"column":null}}},"fnMap":{"0":{"name":"(anonymous_0)","decl":{"start":{"line":9,"column":13},"end":{"line":9,"column":36}},"loc":{"start":{"line":9,"column":36},"end":{"line":42,"column":null}},"line":9}},"branchMap":{"0":{"loc":{"start":{"line":9,"column":46},"end":{"line":19,"column":null}},"type":"if","locations":[{"start":{"line":9,"column":46},"end":{"line":19,"column":null}},{"start":{"line":19,"column":19},"end":{"line":19,"column":null}}],"line":9},"1":{"loc":{"start":{"line":19,"column":19},"end":{"line":25,"column":null}},"type":"if","locations":[{"start":{"line":19,"column":19},"end":{"line":25,"column":null}},{"start":{"line":25,"column":14},"end":{"line":25,"column":null}}],"line":19},"2":{"loc":{"start":{"line":19,"column":19},"end":{"line":19,"column":null}},"type":"binary-expr","locations":[{"start":{"line":19,"column":19},"end":{"line":19,"column":null}},{"start":{"line":19,"column":19},"end":{"line":19,"column":null}}],"line":19},"3":{"loc":{"start":{"line":25,"column":14},"end":{"line":33,"column":null}},"type":"if","locations":[{"start":{"line":25,"column":14},"end":{"line":33,"column":null}},{"start":{"line":33,"column":23},"end":{"line":33,"column":null}}],"line":25},"4":{"loc":{"start":{"line":33,"column":23},"end":{"line":40,"column":null}},"type":"if","locations":[{"start":{"line":33,"column":23},"end":{"line":40,"column":null}},{"start":{"line":40,"column":23},"end":{"line":40,"column":null}}],"line":33},"5":{"loc":{"start":{"line":40,"column":23},"end":{"line":41,"column":null}},"type":"if","locations":[{"start":{"line":40,"column":23},"end":{"line":41,"column":null}},{"start":{"line":41,"column":18},"end":{"line":41,"column":null}}],"line":40},"6":{"loc":{"start":{"line":40,"column":23},"end":{"line":40,"column":null}},"type":"binary-expr","locations":[{"start":{"line":40,"column":23},"end":{"line":40,"column":null}},{"start":{"line":40,"column":23},"end":{"line":40,"column":null}}],"line":40},"7":{"loc":{"start":{"line":41,"column":18},"end":{"line":42,"column":null}},"type":"if","locations":[{"start":{"line":41,"column":18},"end":{"line":42,"column":null}},{"start":{"line":42,"column":14},"end":{"line":42,"column":null}}],"line":41},"8":{"loc":{"start":{"line":41,"column":18},"end":{"line":41,"column":null}},"type":"binary-expr","locations":[{"start":{"line":41,"column":18},"end":{"line":41,"column":null}},{"start":{"line":41,"column":18},"end":{"line":41,"column":null}},{"start":{"line":41,"column":18},"end":{"line":41,"column":null}}],"line":41}},"s":{"0":8,"1":7,"2":7,"3":7,"4":7,"5":0,"6":7,"7":7,"8":0,"9":7,"10":7,"11":0,"12":7,"13":7,"14":0,"15":7,"16":7,"17":0,"18":7,"19":7,"20":0,"21":7},"f":{"0":7},"b":{"0":[7,0],"1":[7,0],"2":[7,0],"3":[7,0],"4":[7,0],"5":[7,0],"6":[7,0],"7":[7,0],"8":[7,0,0]},"meta":{"lastBranch":9,"lastFunction":1,"lastStatement":22,"seen":{"s:9:13:42:Infinity":0,"f:9:13:9:36":0,"s:9:36:9:37":1,"s:9:37:9:46":2,"b:9:46:19:Infinity:19:19:19:Infinity":0,"s:9:46:19:Infinity":3,"s:14:12:14:Infinity":4,"s:19:19:19:Infinity":5,"b:19:19:25:Infinity:25:14:25:Infinity":1,"s:19:19:25:Infinity":6,"b:19:19:19:Infinity:19:19:19:Infinity":2,"s:21:12:24:Infinity":7,"s:25:14:25:Infinity":8,"b:25:14:33:Infinity:33:23:33:Infinity":3,"s:25:14:33:Infinity":9,"s:28:16:28:Infinity":10,"s:33:23:33:Infinity":11,"b:33:23:40:Infinity:40:23:40:Infinity":4,"s:33:23:40:Infinity":12,"s:35:16:35:Infinity":13,"s:40:23:40:Infinity":14,"b:40:23:41:Infinity:41:18:41:Infinity":5,"s:40:23:41:Infinity":15,"b:40:23:40:Infinity:40:23:40:Infinity":6,"s:27:12:41:Infinity":16,"s:41:18:41:Infinity":17,"b:41:18:42:Infinity:42:14:42:Infinity":7,"s:41:18:42:Infinity":18,"b:41:18:41:Infinity:41:18:41:Infinity:41:18:41:Infinity":8,"s:11:8:42:Infinity":19,"s:42:14:42:Infinity":20,"s:42:14:11:Infinity":21},"fnNames":{}}}
,"/Volumes/OMARSSD/Code/PersonalProjects/weather-app/src/presentation/components/shared/CardHourly.tsx": {"path":"/Volumes/OMARSSD/Code/PersonalProjects/weather-app/src/presentation/components/shared/CardHourly.tsx","statementMap":{"0":{"start":{"line":9,"column":13},"end":{"line":33,"column":null}},"1":{"start":{"line":9,"column":37},"end":{"line":9,"column":38}},"2":{"start":{"line":9,"column":38},"end":{"line":9,"column":48}},"3":{"start":{"line":9,"column":48},"end":{"line":17,"column":null}},"4":{"start":{"line":13,"column":16},"end":{"line":16,"column":null}},"5":{"start":{"line":17,"column":18},"end":{"line":17,"column":null}},"6":{"start":{"line":17,"column":18},"end":{"line":24,"column":null}},"7":{"start":{"line":19,"column":16},"end":{"line":19,"column":null}},"8":{"start":{"line":24,"column":23},"end":{"line":24,"column":null}},"9":{"start":{"line":24,"column":23},"end":{"line":25,"column":null}},"10":{"start":{"line":12,"column":12},"end":{"line":25,"column":null}},"11":{"start":{"line":25,"column":18},"end":{"line":25,"column":null}},"12":{"start":{"line":25,"column":18},"end":{"line":32,"column":null}},"13":{"start":{"line":27,"column":12},"end":{"line":27,"column":null}},"14":{"start":{"line":32,"column":19},"end":{"line":32,"column":null}},"15":{"start":{"line":32,"column":19},"end":{"line":33,"column":null}},"16":{"start":{"line":11,"column":8},"end":{"line":33,"column":null}},"17":{"start":{"line":33,"column":14},"end":{"line":33,"column":null}},"18":{"start":{"line":33,"column":14},"end":{"line":11,"column":23}}},"fnMap":{"0":{"name":"(anonymous_0)","decl":{"start":{"line":9,"column":13},"end":{"line":9,"column":37}},"loc":{"start":{"line":9,"column":37},"end":{"line":33,"column":null}},"line":9}},"branchMap":{"0":{"loc":{"start":{"line":9,"column":48},"end":{"line":17,"column":null}},"type":"if","locations":[{"start":{"line":9,"column":48},"end":{"line":17,"column":null}},{"start":{"line":17,"column":18},"end":{"line":17,"column":null}}],"line":9},"1":{"loc":{"start":{"line":9,"column":48},"end":{"line":9,"column":null}},"type":"binary-expr","locations":[{"start":{"line":9,"column":48},"end":{"line":9,"column":null}},{"start":{"line":9,"column":48},"end":{"line":9,"column":null}}],"line":9},"2":{"loc":{"start":{"line":17,"column":18},"end":{"line":24,"column":null}},"type":"if","locations":[{"start":{"line":17,"column":18},"end":{"line":24,"column":null}},{"start":{"line":24,"column":23},"end":{"line":24,"column":null}}],"line":17},"3":{"loc":{"start":{"line":24,"column":23},"end":{"line":25,"column":null}},"type":"if","locations":[{"start":{"line":24,"column":23},"end":{"line":25,"column":null}},{"start":{"line":25,"column":18},"end":{"line":25,"column":null}}],"line":24},"4":{"loc":{"start":{"line":24,"column":23},"end":{"line":24,"column":null}},"type":"binary-expr","locations":[{"start":{"line":24,"column":23},"end":{"line":24,"column":null}},{"start":{"line":24,"column":23},"end":{"line":24,"column":null}}],"line":24},"5":{"loc":{"start":{"line":25,"column":18},"end":{"line":32,"column":null}},"type":"if","locations":[{"start":{"line":25,"column":18},"end":{"line":32,"column":null}},{"start":{"line":32,"column":19},"end":{"line":32,"column":null}}],"line":25},"6":{"loc":{"start":{"line":32,"column":19},"end":{"line":33,"column":null}},"type":"if","locations":[{"start":{"line":32,"column":19},"end":{"line":33,"column":null}},{"start":{"line":33,"column":14},"end":{"line":33,"column":null}}],"line":32},"7":{"loc":{"start":{"line":32,"column":19},"end":{"line":32,"column":null}},"type":"binary-expr","locations":[{"start":{"line":32,"column":19},"end":{"line":32,"column":null}},{"start":{"line":32,"column":19},"end":{"line":32,"column":null}}],"line":32}},"s":{"0":8,"1":9,"2":9,"3":9,"4":9,"5":0,"6":9,"7":9,"8":0,"9":9,"10":9,"11":0,"12":9,"13":9,"14":0,"15":9,"16":9,"17":0,"18":9},"f":{"0":9},"b":{"0":[9,0],"1":[9,0],"2":[9,0],"3":[9,0],"4":[9,0],"5":[9,0],"6":[9,0],"7":[9,0]},"meta":{"lastBranch":8,"lastFunction":1,"lastStatement":19,"seen":{"s:9:13:33:Infinity":0,"f:9:13:9:37":0,"s:9:37:9:38":1,"s:9:38:9:48":2,"b:9:48:17:Infinity:17:18:17:Infinity":0,"s:9:48:17:Infinity":3,"b:9:48:9:Infinity:9:48:9:Infinity":1,"s:13:16:16:Infinity":4,"s:17:18:17:Infinity":5,"b:17:18:24:Infinity:24:23:24:Infinity":2,"s:17:18:24:Infinity":6,"s:19:16:19:Infinity":7,"s:24:23:24:Infinity":8,"b:24:23:25:Infinity:25:18:25:Infinity":3,"s:24:23:25:Infinity":9,"b:24:23:24:Infinity:24:23:24:Infinity":4,"s:12:12:25:Infinity":10,"s:25:18:25:Infinity":11,"b:25:18:32:Infinity:32:19:32:Infinity":5,"s:25:18:32:Infinity":12,"s:27:12:27:Infinity":13,"s:32:19:32:Infinity":14,"b:32:19:33:Infinity:33:14:33:Infinity":6,"s:32:19:33:Infinity":15,"b:32:19:32:Infinity:32:19:32:Infinity":7,"s:11:8:33:Infinity":16,"s:33:14:33:Infinity":17,"s:33:14:11:23":18},"fnNames":{}}}
,"/Volumes/OMARSSD/Code/PersonalProjects/weather-app/src/presentation/components/shared/NavBar.tsx": {"path":"/Volumes/OMARSSD/Code/PersonalProjects/weather-app/src/presentation/components/shared/NavBar.tsx","statementMap":{"0":{"start":{"line":16,"column":13},"end":{"line":186,"column":null}},"1":{"start":{"line":16,"column":33},"end":{"line":16,"column":34}},"2":{"start":{"line":16,"column":34},"end":{"line":16,"column":53}},"3":{"start":{"line":16,"column":53},"end":{"line":19,"column":null}},"4":{"start":{"line":19,"column":12},"end":{"line":19,"column":53}},"5":{"start":{"line":19,"column":53},"end":{"line":19,"column":null}},"6":{"start":{"line":19,"column":53},"end":{"line":26,"column":null}},"7":{"start":{"line":22,"column":16},"end":{"line":22,"column":38}},"8":{"start":{"line":26,"column":29},"end":{"line":26,"column":null}},"9":{"start":{"line":26,"column":29},"end":{"line":45,"column":null}},"10":{"start":{"line":33,"column":20},"end":{"line":33,"column":null}},"11":{"start":{"line":40,"column":20},"end":{"line":40,"column":null}},"12":{"start":{"line":45,"column":27},"end":{"line":45,"column":null}},"13":{"start":{"line":45,"column":27},"end":{"line":53,"column":null}},"14":{"start":{"line":50,"column":37},"end":{"line":52,"column":null}},"15":{"start":{"line":51,"column":32},"end":{"line":51,"column":null}},"16":{"start":{"line":52,"column":32},"end":{"line":52,"column":83}},"17":{"start":{"line":53,"column":29},"end":{"line":53,"column":null}},"18":{"start":{"line":53,"column":29},"end":{"line":57,"column":null}},"19":{"start":{"line":55,"column":28},"end":{"line":57,"column":null}},"20":{"start":{"line":57,"column":35},"end":{"line":57,"column":null}},"21":{"start":{"line":61,"column":43},"end":{"line":61,"column":51}},"22":{"start":{"line":61,"column":110},"end":{"line":63,"column":null}},"23":{"start":{"line":59,"column":28},"end":{"line":62,"column":null}},"24":{"start":{"line":63,"column":30},"end":{"line":63,"column":null}},"25":{"start":{"line":63,"column":30},"end":{"line":65,"column":null}},"26":{"start":{"line":47,"column":20},"end":{"line":47,"column":null}},"27":{"start":{"line":65,"column":31},"end":{"line":65,"column":null}},"28":{"start":{"line":65,"column":31},"end":{"line":73,"column":null}},"29":{"start":{"line":70,"column":37},"end":{"line":72,"column":null}},"30":{"start":{"line":71,"column":32},"end":{"line":71,"column":null}},"31":{"start":{"line":72,"column":32},"end":{"line":72,"column":86}},"32":{"start":{"line":73,"column":29},"end":{"line":73,"column":null}},"33":{"start":{"line":73,"column":29},"end":{"line":77,"column":null}},"34":{"start":{"line":75,"column":28},"end":{"line":77,"column":null}},"35":{"start":{"line":77,"column":35},"end":{"line":77,"column":null}},"36":{"start":{"line":81,"column":43},"end":{"line":81,"column":51}},"37":{"start":{"line":81,"column":113},"end":{"line":83,"column":null}},"38":{"start":{"line":79,"column":28},"end":{"line":82,"column":null}},"39":{"start":{"line":83,"column":30},"end":{"line":83,"column":null}},"40":{"start":{"line":83,"column":30},"end":{"line":85,"column":null}},"41":{"start":{"line":67,"column":20},"end":{"line":67,"column":null}},"42":{"start":{"line":85,"column":31},"end":{"line":85,"column":null}},"43":{"start":{"line":85,"column":31},"end":{"line":94,"column":null}},"44":{"start":{"line":87,"column":20},"end":{"line":87,"column":null}},"45":{"start":{"line":89,"column":20},"end":{"line":89,"column":null}},"46":{"start":{"line":94,"column":27},"end":{"line":94,"column":null}},"47":{"start":{"line":94,"column":27},"end":{"line":102,"column":null}},"48":{"start":{"line":99,"column":37},"end":{"line":101,"column":null}},"49":{"start":{"line":100,"column":32},"end":{"line":100,"column":null}},"50":{"start":{"line":101,"column":32},"end":{"line":101,"column":78}},"51":{"start":{"line":102,"column":29},"end":{"line":102,"column":null}},"52":{"start":{"line":102,"column":29},"end":{"line":106,"column":null}},"53":{"start":{"line":104,"column":28},"end":{"line":106,"column":null}},"54":{"start":{"line":106,"column":35},"end":{"line":106,"column":null}},"55":{"start":{"line":110,"column":43},"end":{"line":110,"column":51}},"56":{"start":{"line":110,"column":105},"end":{"line":112,"column":null}},"57":{"start":{"line":108,"column":28},"end":{"line":111,"column":null}},"58":{"start":{"line":112,"column":30},"end":{"line":112,"column":null}},"59":{"start":{"line":112,"column":30},"end":{"line":114,"column":null}},"60":{"start":{"line":96,"column":20},"end":{"line":96,"column":null}},"61":{"start":{"line":114,"column":31},"end":{"line":114,"column":null}},"62":{"start":{"line":114,"column":31},"end":{"line":122,"column":null}},"63":{"start":{"line":119,"column":37},"end":{"line":121,"column":null}},"64":{"start":{"line":120,"column":32},"end":{"line":120,"column":null}},"65":{"start":{"line":121,"column":32},"end":{"line":121,"column":78}},"66":{"start":{"line":122,"column":29},"end":{"line":122,"column":null}},"67":{"start":{"line":122,"column":29},"end":{"line":126,"column":null}},"68":{"start":{"line":124,"column":28},"end":{"line":126,"column":null}},"69":{"start":{"line":126,"column":35},"end":{"line":126,"column":null}},"70":{"start":{"line":130,"column":43},"end":{"line":130,"column":51}},"71":{"start":{"line":130,"column":105},"end":{"line":132,"column":null}},"72":{"start":{"line":128,"column":28},"end":{"line":131,"column":null}},"73":{"start":{"line":132,"column":30},"end":{"line":132,"column":null}},"74":{"start":{"line":132,"column":30},"end":{"line":134,"column":null}},"75":{"start":{"line":116,"column":20},"end":{"line":116,"column":null}},"76":{"start":{"line":134,"column":31},"end":{"line":134,"column":null}},"77":{"start":{"line":134,"column":31},"end":{"line":143,"column":null}},"78":{"start":{"line":136,"column":20},"end":{"line":136,"column":null}},"79":{"start":{"line":138,"column":20},"end":{"line":138,"column":null}},"80":{"start":{"line":143,"column":27},"end":{"line":143,"column":null}},"81":{"start":{"line":143,"column":27},"end":{"line":151,"column":null}},"82":{"start":{"line":148,"column":37},"end":{"line":150,"column":null}},"83":{"start":{"line":149,"column":32},"end":{"line":149,"column":null}},"84":{"start":{"line":150,"column":32},"end":{"line":150,"column":80}},"85":{"start":{"line":151,"column":29},"end":{"line":151,"column":null}},"86":{"start":{"line":151,"column":29},"end":{"line":155,"column":null}},"87":{"start":{"line":153,"column":28},"end":{"line":155,"column":null}},"88":{"start":{"line":155,"column":35},"end":{"line":155,"column":null}},"89":{"start":{"line":159,"column":43},"end":{"line":159,"column":51}},"90":{"start":{"line":159,"column":107},"end":{"line":161,"column":null}},"91":{"start":{"line":157,"column":28},"end":{"line":160,"column":null}},"92":{"start":{"line":161,"column":30},"end":{"line":161,"column":null}},"93":{"start":{"line":161,"column":30},"end":{"line":163,"column":null}},"94":{"start":{"line":145,"column":20},"end":{"line":145,"column":null}},"95":{"start":{"line":163,"column":31},"end":{"line":163,"column":null}},"96":{"start":{"line":163,"column":31},"end":{"line":171,"column":null}},"97":{"start":{"line":168,"column":37},"end":{"line":170,"column":null}},"98":{"start":{"line":169,"column":32},"end":{"line":169,"column":null}},"99":{"start":{"line":170,"column":32},"end":{"line":170,"column":82}},"100":{"start":{"line":171,"column":29},"end":{"line":171,"column":null}},"101":{"start":{"line":171,"column":29},"end":{"line":175,"column":null}},"102":{"start":{"line":173,"column":28},"end":{"line":175,"column":null}},"103":{"start":{"line":175,"column":35},"end":{"line":175,"column":null}},"104":{"start":{"line":179,"column":43},"end":{"line":179,"column":51}},"105":{"start":{"line":179,"column":109},"end":{"line":181,"column":null}},"106":{"start":{"line":177,"column":28},"end":{"line":180,"column":null}},"107":{"start":{"line":181,"column":30},"end":{"line":181,"column":null}},"108":{"start":{"line":181,"column":30},"end":{"line":183,"column":null}},"109":{"start":{"line":165,"column":20},"end":{"line":165,"column":null}},"110":{"start":{"line":183,"column":31},"end":{"line":183,"column":null}},"111":{"start":{"line":183,"column":31},"end":{"line":186,"column":null}},"112":{"start":{"line":18,"column":8},"end":{"line":186,"column":null}},"113":{"start":{"line":186,"column":14},"end":{"line":186,"column":null}},"114":{"start":{"line":186,"column":14},"end":{"line":18,"column":23}}},"fnMap":{"0":{"name":"(anonymous_0)","decl":{"start":{"line":16,"column":13},"end":{"line":16,"column":33}},"loc":{"start":{"line":16,"column":33},"end":{"line":186,"column":null}},"line":16},"1":{"name":"(anonymous_1)","decl":{"start":{"line":50,"column":37},"end":{"line":50,"column":null}},"loc":{"start":{"line":50,"column":37},"end":{"line":52,"column":null}},"line":50},"2":{"name":"(anonymous_2)","decl":{"start":{"line":70,"column":37},"end":{"line":70,"column":null}},"loc":{"start":{"line":70,"column":37},"end":{"line":72,"column":null}},"line":70},"3":{"name":"(anonymous_3)","decl":{"start":{"line":99,"column":37},"end":{"line":99,"column":null}},"loc":{"start":{"line":99,"column":37},"end":{"line":101,"column":null}},"line":99},"4":{"name":"(anonymous_4)","decl":{"start":{"line":119,"column":37},"end":{"line":119,"column":null}},"loc":{"start":{"line":119,"column":37},"end":{"line":121,"column":null}},"line":119},"5":{"name":"(anonymous_5)","decl":{"start":{"line":148,"column":37},"end":{"line":148,"column":null}},"loc":{"start":{"line":148,"column":37},"end":{"line":150,"column":null}},"line":148},"6":{"name":"(anonymous_6)","decl":{"start":{"line":168,"column":37},"end":{"line":168,"column":null}},"loc":{"start":{"line":168,"column":37},"end":{"line":170,"column":null}},"line":168}},"branchMap":{"0":{"loc":{"start":{"line":16,"column":53},"end":{"line":19,"column":null}},"type":"if","locations":[{"start":{"line":16,"column":53},"end":{"line":19,"column":null}},{"start":{"line":19,"column":53},"end":{"line":19,"column":null}}],"line":16},"1":{"loc":{"start":{"line":19,"column":53},"end":{"line":26,"column":null}},"type":"if","locations":[{"start":{"line":19,"column":53},"end":{"line":26,"column":null}},{"start":{"line":26,"column":29},"end":{"line":26,"column":null}}],"line":19},"2":{"loc":{"start":{"line":26,"column":29},"end":{"line":45,"column":null}},"type":"if","locations":[{"start":{"line":26,"column":29},"end":{"line":45,"column":null}},{"start":{"line":45,"column":27},"end":{"line":45,"column":null}}],"line":26},"3":{"loc":{"start":{"line":45,"column":27},"end":{"line":53,"column":null}},"type":"if","locations":[{"start":{"line":45,"column":27},"end":{"line":53,"column":null}},{"start":{"line":53,"column":29},"end":{"line":53,"column":null}}],"line":45},"4":{"loc":{"start":{"line":45,"column":27},"end":{"line":45,"column":null}},"type":"binary-expr","locations":[{"start":{"line":45,"column":27},"end":{"line":45,"column":null}},{"start":{"line":45,"column":27},"end":{"line":45,"column":null}}],"line":45},"5":{"loc":{"start":{"line":53,"column":29},"end":{"line":57,"column":null}},"type":"if","locations":[{"start":{"line":53,"column":29},"end":{"line":57,"column":null}},{"start":{"line":57,"column":35},"end":{"line":57,"column":null}}],"line":53},"6":{"loc":{"start":{"line":61,"column":46},"end":{"line":61,"column":51}},"type":"cond-expr","locations":[{"start":{"line":61,"column":46},"end":{"line":61,"column":51}},{"start":{"line":61,"column":46},"end":{"line":61,"column":51}}],"line":61},"7":{"loc":{"start":{"line":61,"column":110},"end":{"line":63,"column":null}},"type":"if","locations":[{"start":{"line":61,"column":110},"end":{"line":63,"column":null}},{"start":{"line":63,"column":30},"end":{"line":63,"column":null}}],"line":61},"8":{"loc":{"start":{"line":63,"column":30},"end":{"line":65,"column":null}},"type":"if","locations":[{"start":{"line":63,"column":30},"end":{"line":65,"column":null}},{"start":{"line":65,"column":31},"end":{"line":65,"column":null}}],"line":63},"9":{"loc":{"start":{"line":63,"column":30},"end":{"line":63,"column":null}},"type":"binary-expr","locations":[{"start":{"line":63,"column":30},"end":{"line":63,"column":null}},{"start":{"line":63,"column":30},"end":{"line":63,"column":null}}],"line":63},"10":{"loc":{"start":{"line":65,"column":31},"end":{"line":73,"column":null}},"type":"if","locations":[{"start":{"line":65,"column":31},"end":{"line":73,"column":null}},{"start":{"line":73,"column":29},"end":{"line":73,"column":null}}],"line":65},"11":{"loc":{"start":{"line":65,"column":31},"end":{"line":65,"column":null}},"type":"binary-expr","locations":[{"start":{"line":65,"column":31},"end":{"line":65,"column":null}},{"start":{"line":65,"column":31},"end":{"line":65,"column":null}}],"line":65},"12":{"loc":{"start":{"line":73,"column":29},"end":{"line":77,"column":null}},"type":"if","locations":[{"start":{"line":73,"column":29},"end":{"line":77,"column":null}},{"start":{"line":77,"column":35},"end":{"line":77,"column":null}}],"line":73},"13":{"loc":{"start":{"line":81,"column":46},"end":{"line":81,"column":51}},"type":"cond-expr","locations":[{"start":{"line":81,"column":46},"end":{"line":81,"column":51}},{"start":{"line":81,"column":46},"end":{"line":81,"column":51}}],"line":81},"14":{"loc":{"start":{"line":81,"column":113},"end":{"line":83,"column":null}},"type":"if","locations":[{"start":{"line":81,"column":113},"end":{"line":83,"column":null}},{"start":{"line":83,"column":30},"end":{"line":83,"column":null}}],"line":81},"15":{"loc":{"start":{"line":83,"column":30},"end":{"line":85,"column":null}},"type":"if","locations":[{"start":{"line":83,"column":30},"end":{"line":85,"column":null}},{"start":{"line":85,"column":31},"end":{"line":85,"column":null}}],"line":83},"16":{"loc":{"start":{"line":83,"column":30},"end":{"line":83,"column":null}},"type":"binary-expr","locations":[{"start":{"line":83,"column":30},"end":{"line":83,"column":null}},{"start":{"line":83,"column":30},"end":{"line":83,"column":null}}],"line":83},"17":{"loc":{"start":{"line":85,"column":31},"end":{"line":94,"column":null}},"type":"if","locations":[{"start":{"line":85,"column":31},"end":{"line":94,"column":null}},{"start":{"line":94,"column":27},"end":{"line":94,"column":null}}],"line":85},"18":{"loc":{"start":{"line":94,"column":27},"end":{"line":102,"column":null}},"type":"if","locations":[{"start":{"line":94,"column":27},"end":{"line":102,"column":null}},{"start":{"line":102,"column":29},"end":{"line":102,"column":null}}],"line":94},"19":{"loc":{"start":{"line":94,"column":27},"end":{"line":94,"column":null}},"type":"binary-expr","locations":[{"start":{"line":94,"column":27},"end":{"line":94,"column":null}},{"start":{"line":94,"column":27},"end":{"line":94,"column":null}}],"line":94},"20":{"loc":{"start":{"line":102,"column":29},"end":{"line":106,"column":null}},"type":"if","locations":[{"start":{"line":102,"column":29},"end":{"line":106,"column":null}},{"start":{"line":106,"column":35},"end":{"line":106,"column":null}}],"line":102},"21":{"loc":{"start":{"line":110,"column":46},"end":{"line":110,"column":51}},"type":"cond-expr","locations":[{"start":{"line":110,"column":46},"end":{"line":110,"column":51}},{"start":{"line":110,"column":46},"end":{"line":110,"column":51}}],"line":110},"22":{"loc":{"start":{"line":110,"column":105},"end":{"line":112,"column":null}},"type":"if","locations":[{"start":{"line":110,"column":105},"end":{"line":112,"column":null}},{"start":{"line":112,"column":30},"end":{"line":112,"column":null}}],"line":110},"23":{"loc":{"start":{"line":112,"column":30},"end":{"line":114,"column":null}},"type":"if","locations":[{"start":{"line":112,"column":30},"end":{"line":114,"column":null}},{"start":{"line":114,"column":31},"end":{"line":114,"column":null}}],"line":112},"24":{"loc":{"start":{"line":112,"column":30},"end":{"line":112,"column":null}},"type":"binary-expr","locations":[{"start":{"line":112,"column":30},"end":{"line":112,"column":null}},{"start":{"line":112,"column":30},"end":{"line":112,"column":null}}],"line":112},"25":{"loc":{"start":{"line":114,"column":31},"end":{"line":122,"column":null}},"type":"if","locations":[{"start":{"line":114,"column":31},"end":{"line":122,"column":null}},{"start":{"line":122,"column":29},"end":{"line":122,"column":null}}],"line":114},"26":{"loc":{"start":{"line":114,"column":31},"end":{"line":114,"column":null}},"type":"binary-expr","locations":[{"start":{"line":114,"column":31},"end":{"line":114,"column":null}},{"start":{"line":114,"column":31},"end":{"line":114,"column":null}}],"line":114},"27":{"loc":{"start":{"line":122,"column":29},"end":{"line":126,"column":null}},"type":"if","locations":[{"start":{"line":122,"column":29},"end":{"line":126,"column":null}},{"start":{"line":126,"column":35},"end":{"line":126,"column":null}}],"line":122},"28":{"loc":{"start":{"line":130,"column":46},"end":{"line":130,"column":51}},"type":"cond-expr","locations":[{"start":{"line":130,"column":46},"end":{"line":130,"column":51}},{"start":{"line":130,"column":46},"end":{"line":130,"column":51}}],"line":130},"29":{"loc":{"start":{"line":130,"column":105},"end":{"line":132,"column":null}},"type":"if","locations":[{"start":{"line":130,"column":105},"end":{"line":132,"column":null}},{"start":{"line":132,"column":30},"end":{"line":132,"column":null}}],"line":130},"30":{"loc":{"start":{"line":132,"column":30},"end":{"line":134,"column":null}},"type":"if","locations":[{"start":{"line":132,"column":30},"end":{"line":134,"column":null}},{"start":{"line":134,"column":31},"end":{"line":134,"column":null}}],"line":132},"31":{"loc":{"start":{"line":132,"column":30},"end":{"line":132,"column":null}},"type":"binary-expr","locations":[{"start":{"line":132,"column":30},"end":{"line":132,"column":null}},{"start":{"line":132,"column":30},"end":{"line":132,"column":null}}],"line":132},"32":{"loc":{"start":{"line":134,"column":31},"end":{"line":143,"column":null}},"type":"if","locations":[{"start":{"line":134,"column":31},"end":{"line":143,"column":null}},{"start":{"line":143,"column":27},"end":{"line":143,"column":null}}],"line":134},"33":{"loc":{"start":{"line":143,"column":27},"end":{"line":151,"column":null}},"type":"if","locations":[{"start":{"line":143,"column":27},"end":{"line":151,"column":null}},{"start":{"line":151,"column":29},"end":{"line":151,"column":null}}],"line":143},"34":{"loc":{"start":{"line":143,"column":27},"end":{"line":143,"column":null}},"type":"binary-expr","locations":[{"start":{"line":143,"column":27},"end":{"line":143,"column":null}},{"start":{"line":143,"column":27},"end":{"line":143,"column":null}}],"line":143},"35":{"loc":{"start":{"line":151,"column":29},"end":{"line":155,"column":null}},"type":"if","locations":[{"start":{"line":151,"column":29},"end":{"line":155,"column":null}},{"start":{"line":155,"column":35},"end":{"line":155,"column":null}}],"line":151},"36":{"loc":{"start":{"line":159,"column":46},"end":{"line":159,"column":51}},"type":"cond-expr","locations":[{"start":{"line":159,"column":46},"end":{"line":159,"column":51}},{"start":{"line":159,"column":46},"end":{"line":159,"column":51}}],"line":159},"37":{"loc":{"start":{"line":159,"column":107},"end":{"line":161,"column":null}},"type":"if","locations":[{"start":{"line":159,"column":107},"end":{"line":161,"column":null}},{"start":{"line":161,"column":30},"end":{"line":161,"column":null}}],"line":159},"38":{"loc":{"start":{"line":161,"column":30},"end":{"line":163,"column":null}},"type":"if","locations":[{"start":{"line":161,"column":30},"end":{"line":163,"column":null}},{"start":{"line":163,"column":31},"end":{"line":163,"column":null}}],"line":161},"39":{"loc":{"start":{"line":161,"column":30},"end":{"line":161,"column":null}},"type":"binary-expr","locations":[{"start":{"line":161,"column":30},"end":{"line":161,"column":null}},{"start":{"line":161,"column":30},"end":{"line":161,"column":null}}],"line":161},"40":{"loc":{"start":{"line":163,"column":31},"end":{"line":171,"column":null}},"type":"if","locations":[{"start":{"line":163,"column":31},"end":{"line":171,"column":null}},{"start":{"line":171,"column":29},"end":{"line":171,"column":null}}],"line":163},"41":{"loc":{"start":{"line":163,"column":31},"end":{"line":163,"column":null}},"type":"binary-expr","locations":[{"start":{"line":163,"column":31},"end":{"line":163,"column":null}},{"start":{"line":163,"column":31},"end":{"line":163,"column":null}}],"line":163},"42":{"loc":{"start":{"line":171,"column":29},"end":{"line":175,"column":null}},"type":"if","locations":[{"start":{"line":171,"column":29},"end":{"line":175,"column":null}},{"start":{"line":175,"column":35},"end":{"line":175,"column":null}}],"line":171},"43":{"loc":{"start":{"line":179,"column":46},"end":{"line":179,"column":51}},"type":"cond-expr","locations":[{"start":{"line":179,"column":46},"end":{"line":179,"column":51}},{"start":{"line":179,"column":46},"end":{"line":179,"column":51}}],"line":179},"44":{"loc":{"start":{"line":179,"column":109},"end":{"line":181,"column":null}},"type":"if","locations":[{"start":{"line":179,"column":109},"end":{"line":181,"column":null}},{"start":{"line":181,"column":30},"end":{"line":181,"column":null}}],"line":179},"45":{"loc":{"start":{"line":181,"column":30},"end":{"line":183,"column":null}},"type":"if","locations":[{"start":{"line":181,"column":30},"end":{"line":183,"column":null}},{"start":{"line":183,"column":31},"end":{"line":183,"column":null}}],"line":181},"46":{"loc":{"start":{"line":181,"column":30},"end":{"line":181,"column":null}},"type":"binary-expr","locations":[{"start":{"line":181,"column":30},"end":{"line":181,"column":null}},{"start":{"line":181,"column":30},"end":{"line":181,"column":null}}],"line":181},"47":{"loc":{"start":{"line":183,"column":31},"end":{"line":186,"column":null}},"type":"if","locations":[{"start":{"line":183,"column":31},"end":{"line":186,"column":null}},{"start":{"line":186,"column":14},"end":{"line":186,"column":null}}],"line":183},"48":{"loc":{"start":{"line":183,"column":31},"end":{"line":183,"column":null}},"type":"binary-expr","locations":[{"start":{"line":183,"column":31},"end":{"line":183,"column":null}},{"start":{"line":183,"column":31},"end":{"line":183,"column":null}},{"start":{"line":183,"column":31},"end":{"line":183,"column":null}},{"start":{"line":183,"column":31},"end":{"line":183,"column":null}},{"start":{"line":183,"column":31},"end":{"line":183,"column":null}},{"start":{"line":183,"column":31},"end":{"line":183,"column":null}}],"line":183}},"s":{"0":8,"1":9,"2":9,"3":9,"4":9,"5":0,"6":9,"7":9,"8":0,"9":9,"10":9,"11":9,"12":0,"13":9,"14":9,"15":1,"16":1,"17":0,"18":9,"19":9,"20":0,"21":9,"22":9,"23":9,"24":0,"25":9,"26":9,"27":0,"28":9,"29":9,"30":1,"31":1,"32":0,"33":9,"34":9,"35":0,"36":9,"37":9,"38":9,"39":0,"40":9,"41":9,"42":0,"43":9,"44":9,"45":9,"46":0,"47":9,"48":9,"49":1,"50":1,"51":0,"52":9,"53":9,"54":0,"55":9,"56":9,"57":9,"58":0,"59":9,"60":9,"61":0,"62":9,"63":9,"64":1,"65":1,"66":0,"67":9,"68":9,"69":0,"70":9,"71":9,"72":9,"73":0,"74":9,"75":9,"76":0,"77":9,"78":9,"79":9,"80":0,"81":9,"82":9,"83":1,"84":1,"85":0,"86":9,"87":9,"88":0,"89":9,"90":9,"91":9,"92":0,"93":9,"94":9,"95":0,"96":9,"97":9,"98":1,"99":1,"100":0,"101":9,"102":9,"103":0,"104":9,"105":9,"106":9,"107":0,"108":9,"109":9,"110":0,"111":9,"112":9,"113":0,"114":9},"f":{"0":9,"1":1,"2":1,"3":1,"4":1,"5":1,"6":1},"b":{"0":[9,0],"1":[9,0],"2":[9,0],"3":[9,0],"4":[9,0],"5":[9,0],"6":[8,1],"7":[9,0],"8":[9,0],"9":[9,0],"10":[9,0],"11":[9,0],"12":[9,0],"13":[1,8],"14":[9,0],"15":[9,0],"16":[9,0],"17":[9,0],"18":[9,0],"19":[9,0],"20":[9,0],"21":[9,0],"22":[9,0],"23":[9,0],"24":[9,0],"25":[9,0],"26":[9,0],"27":[9,0],"28":[0,9],"29":[9,0],"30":[9,0],"31":[9,0],"32":[9,0],"33":[9,0],"34":[9,0],"35":[9,0],"36":[9,0],"37":[9,0],"38":[9,0],"39":[9,0],"40":[9,0],"41":[9,0],"42":[9,0],"43":[0,9],"44":[9,0],"45":[9,0],"46":[9,0],"47":[9,0],"48":[9,0,0,0,0,0]},"meta":{"lastBranch":49,"lastFunction":7,"lastStatement":115,"seen":{"s:16:13:186:Infinity":0,"f:16:13:16:33":0,"s:16:33:16:34":1,"s:16:34:16:53":2,"b:16:53:19:Infinity:19:53:19:Infinity":0,"s:16:53:19:Infinity":3,"s:19:12:19:53":4,"s:19:53:19:Infinity":5,"b:19:53:26:Infinity:26:29:26:Infinity":1,"s:19:53:26:Infinity":6,"s:22:16:22:38":7,"s:26:29:26:Infinity":8,"b:26:29:45:Infinity:45:27:45:Infinity":2,"s:26:29:45:Infinity":9,"s:33:20:33:Infinity":10,"s:40:20:40:Infinity":11,"s:45:27:45:Infinity":12,"b:45:27:53:Infinity:53:29:53:Infinity":3,"s:45:27:53:Infinity":13,"b:45:27:45:Infinity:45:27:45:Infinity":4,"s:50:37:52:Infinity":14,"f:50:37:50:Infinity":1,"s:51:32:51:Infinity":15,"s:52:32:52:83":16,"s:53:29:53:Infinity":17,"b:53:29:57:Infinity:57:35:57:Infinity":5,"s:53:29:57:Infinity":18,"s:55:28:57:Infinity":19,"s:57:35:57:Infinity":20,"s:61:43:61:51":21,"b:61:46:61:51:61:46:61:51":6,"b:61:110:63:Infinity:63:30:63:Infinity":7,"s:61:110:63:Infinity":22,"s:59:28:62:Infinity":23,"s:63:30:63:Infinity":24,"b:63:30:65:Infinity:65:31:65:Infinity":8,"s:63:30:65:Infinity":25,"b:63:30:63:Infinity:63:30:63:Infinity":9,"s:47:20:47:Infinity":26,"s:65:31:65:Infinity":27,"b:65:31:73:Infinity:73:29:73:Infinity":10,"s:65:31:73:Infinity":28,"b:65:31:65:Infinity:65:31:65:Infinity":11,"s:70:37:72:Infinity":29,"f:70:37:70:Infinity":2,"s:71:32:71:Infinity":30,"s:72:32:72:86":31,"s:73:29:73:Infinity":32,"b:73:29:77:Infinity:77:35:77:Infinity":12,"s:73:29:77:Infinity":33,"s:75:28:77:Infinity":34,"s:77:35:77:Infinity":35,"s:81:43:81:51":36,"b:81:46:81:51:81:46:81:51":13,"b:81:113:83:Infinity:83:30:83:Infinity":14,"s:81:113:83:Infinity":37,"s:79:28:82:Infinity":38,"s:83:30:83:Infinity":39,"b:83:30:85:Infinity:85:31:85:Infinity":15,"s:83:30:85:Infinity":40,"b:83:30:83:Infinity:83:30:83:Infinity":16,"s:67:20:67:Infinity":41,"s:85:31:85:Infinity":42,"b:85:31:94:Infinity:94:27:94:Infinity":17,"s:85:31:94:Infinity":43,"s:87:20:87:Infinity":44,"s:89:20:89:Infinity":45,"s:94:27:94:Infinity":46,"b:94:27:102:Infinity:102:29:102:Infinity":18,"s:94:27:102:Infinity":47,"b:94:27:94:Infinity:94:27:94:Infinity":19,"s:99:37:101:Infinity":48,"f:99:37:99:Infinity":3,"s:100:32:100:Infinity":49,"s:101:32:101:78":50,"s:102:29:102:Infinity":51,"b:102:29:106:Infinity:106:35:106:Infinity":20,"s:102:29:106:Infinity":52,"s:104:28:106:Infinity":53,"s:106:35:106:Infinity":54,"s:110:43:110:51":55,"b:110:46:110:51:110:46:110:51":21,"b:110:105:112:Infinity:112:30:112:Infinity":22,"s:110:105:112:Infinity":56,"s:108:28:111:Infinity":57,"s:112:30:112:Infinity":58,"b:112:30:114:Infinity:114:31:114:Infinity":23,"s:112:30:114:Infinity":59,"b:112:30:112:Infinity:112:30:112:Infinity":24,"s:96:20:96:Infinity":60,"s:114:31:114:Infinity":61,"b:114:31:122:Infinity:122:29:122:Infinity":25,"s:114:31:122:Infinity":62,"b:114:31:114:Infinity:114:31:114:Infinity":26,"s:119:37:121:Infinity":63,"f:119:37:119:Infinity":4,"s:120:32:120:Infinity":64,"s:121:32:121:78":65,"s:122:29:122:Infinity":66,"b:122:29:126:Infinity:126:35:126:Infinity":27,"s:122:29:126:Infinity":67,"s:124:28:126:Infinity":68,"s:126:35:126:Infinity":69,"s:130:43:130:51":70,"b:130:46:130:51:130:46:130:51":28,"b:130:105:132:Infinity:132:30:132:Infinity":29,"s:130:105:132:Infinity":71,"s:128:28:131:Infinity":72,"s:132:30:132:Infinity":73,"b:132:30:134:Infinity:134:31:134:Infinity":30,"s:132:30:134:Infinity":74,"b:132:30:132:Infinity:132:30:132:Infinity":31,"s:116:20:116:Infinity":75,"s:134:31:134:Infinity":76,"b:134:31:143:Infinity:143:27:143:Infinity":32,"s:134:31:143:Infinity":77,"s:136:20:136:Infinity":78,"s:138:20:138:Infinity":79,"s:143:27:143:Infinity":80,"b:143:27:151:Infinity:151:29:151:Infinity":33,"s:143:27:151:Infinity":81,"b:143:27:143:Infinity:143:27:143:Infinity":34,"s:148:37:150:Infinity":82,"f:148:37:148:Infinity":5,"s:149:32:149:Infinity":83,"s:150:32:150:80":84,"s:151:29:151:Infinity":85,"b:151:29:155:Infinity:155:35:155:Infinity":35,"s:151:29:155:Infinity":86,"s:153:28:155:Infinity":87,"s:155:35:155:Infinity":88,"s:159:43:159:51":89,"b:159:46:159:51:159:46:159:51":36,"b:159:107:161:Infinity:161:30:161:Infinity":37,"s:159:107:161:Infinity":90,"s:157:28:160:Infinity":91,"s:161:30:161:Infinity":92,"b:161:30:163:Infinity:163:31:163:Infinity":38,"s:161:30:163:Infinity":93,"b:161:30:161:Infinity:161:30:161:Infinity":39,"s:145:20:145:Infinity":94,"s:163:31:163:Infinity":95,"b:163:31:171:Infinity:171:29:171:Infinity":40,"s:163:31:171:Infinity":96,"b:163:31:163:Infinity:163:31:163:Infinity":41,"s:168:37:170:Infinity":97,"f:168:37:168:Infinity":6,"s:169:32:169:Infinity":98,"s:170:32:170:82":99,"s:171:29:171:Infinity":100,"b:171:29:175:Infinity:175:35:175:Infinity":42,"s:171:29:175:Infinity":101,"s:173:28:175:Infinity":102,"s:175:35:175:Infinity":103,"s:179:43:179:51":104,"b:179:46:179:51:179:46:179:51":43,"b:179:109:181:Infinity:181:30:181:Infinity":44,"s:179:109:181:Infinity":105,"s:177:28:180:Infinity":106,"s:181:30:181:Infinity":107,"b:181:30:183:Infinity:183:31:183:Infinity":45,"s:181:30:183:Infinity":108,"b:181:30:181:Infinity:181:30:181:Infinity":46,"s:165:20:165:Infinity":109,"s:183:31:183:Infinity":110,"b:183:31:186:Infinity:186:14:186:Infinity":47,"s:183:31:186:Infinity":111,"b:183:31:183:Infinity:183:31:183:Infinity:183:31:183:Infinity:183:31:183:Infinity:183:31:183:Infinity:183:31:183:Infinity":48,"s:18:8:186:Infinity":112,"s:186:14:186:Infinity":113,"s:186:14:18:23":114},"fnNames":{}}}
,"/Volumes/OMARSSD/Code/PersonalProjects/weather-app/src/presentation/components/shared/ScreenError.tsx": {"path":"/Volumes/OMARSSD/Code/PersonalProjects/weather-app/src/presentation/components/shared/ScreenError.tsx","statementMap":{"0":{"start":{"line":4,"column":13},"end":{"line":26,"column":null}},"1":{"start":{"line":4,"column":27},"end":{"line":4,"column":null}},"2":{"start":{"line":4,"column":27},"end":{"line":26,"column":null}},"3":{"start":{"line":6,"column":8},"end":{"line":26,"column":null}},"4":{"start":{"line":26,"column":14},"end":{"line":26,"column":null}},"5":{"start":{"line":26,"column":14},"end":{"line":6,"column":23}}},"fnMap":{"0":{"name":"(anonymous_0)","decl":{"start":{"line":4,"column":13},"end":{"line":4,"column":27}},"loc":{"start":{"line":4,"column":27},"end":{"line":26,"column":null}},"line":4}},"branchMap":{"0":{"loc":{"start":{"line":4,"column":27},"end":{"line":26,"column":null}},"type":"if","locations":[{"start":{"line":4,"column":27},"end":{"line":26,"column":null}},{"start":{"line":26,"column":14},"end":{"line":26,"column":null}}],"line":4}},"s":{"0":8,"1":1,"2":1,"3":1,"4":0,"5":1},"f":{"0":1},"b":{"0":[1,0]},"meta":{"lastBranch":1,"lastFunction":1,"lastStatement":6,"seen":{"s:4:13:26:Infinity":0,"f:4:13:4:27":0,"s:4:27:4:Infinity":1,"b:4:27:26:Infinity:26:14:26:Infinity":0,"s:4:27:26:Infinity":2,"s:6:8:26:Infinity":3,"s:26:14:26:Infinity":4,"s:26:14:6:23":5},"fnNames":{}}}
,"/Volumes/OMARSSD/Code/PersonalProjects/weather-app/src/presentation/components/shared/SkeletonLayout.tsx": {"path":"/Volumes/OMARSSD/Code/PersonalProjects/weather-app/src/presentation/components/shared/SkeletonLayout.tsx","statementMap":{"0":{"start":{"line":1,"column":13},"end":{"line":38,"column":null}},"1":{"start":{"line":1,"column":30},"end":{"line":1,"column":null}},"2":{"start":{"line":1,"column":30},"end":{"line":5,"column":null}},"3":{"start":{"line":5,"column":16},"end":{"line":5,"column":71}},"4":{"start":{"line":5,"column":71},"end":{"line":5,"column":null}},"5":{"start":{"line":5,"column":71},"end":{"line":12,"column":null}},"6":{"start":{"line":7,"column":16},"end":{"line":12,"column":null}},"7":{"start":{"line":12,"column":22},"end":{"line":12,"column":null}},"8":{"start":{"line":12,"column":22},"end":{"line":15,"column":null}},"9":{"start":{"line":15,"column":20},"end":{"line":15,"column":69}},"10":{"start":{"line":15,"column":69},"end":{"line":15,"column":null}},"11":{"start":{"line":15,"column":69},"end":{"line":22,"column":null}},"12":{"start":{"line":4,"column":12},"end":{"line":22,"column":null}},"13":{"start":{"line":22,"column":18},"end":{"line":22,"column":null}},"14":{"start":{"line":22,"column":18},"end":{"line":26,"column":null}},"15":{"start":{"line":26,"column":20},"end":{"line":26,"column":69}},"16":{"start":{"line":26,"column":69},"end":{"line":26,"column":null}},"17":{"start":{"line":26,"column":69},"end":{"line":38,"column":null}},"18":{"start":{"line":3,"column":8},"end":{"line":37,"column":null}},"19":{"start":{"line":38,"column":11},"end":{"line":38,"column":null}},"20":{"start":{"line":38,"column":11},"end":{"line":3,"column":null}},"21":{"start":{"line":1,"column":30},"end":{"line":18,"column":84}},"22":{"start":{"line":1,"column":30},"end":{"line":33,"column":null}}},"fnMap":{"0":{"name":"(anonymous_0)","decl":{"start":{"line":1,"column":13},"end":{"line":1,"column":30}},"loc":{"start":{"line":1,"column":30},"end":{"line":38,"column":null}},"line":1},"1":{"name":"_temp","decl":{"start":{"line":1,"column":30},"end":{"line":1,"column":null}},"loc":{"start":{"line":1,"column":30},"end":{"line":18,"column":null}},"line":1}},"branchMap":{"0":{"loc":{"start":{"line":1,"column":30},"end":{"line":5,"column":null}},"type":"if","locations":[{"start":{"line":1,"column":30},"end":{"line":5,"column":null}},{"start":{"line":5,"column":71},"end":{"line":5,"column":null}}],"line":1},"1":{"loc":{"start":{"line":5,"column":71},"end":{"line":12,"column":null}},"type":"if","locations":[{"start":{"line":5,"column":71},"end":{"line":12,"column":null}},{"start":{"line":12,"column":22},"end":{"line":12,"column":null}}],"line":5},"2":{"loc":{"start":{"line":12,"column":22},"end":{"line":15,"column":null}},"type":"if","locations":[{"start":{"line":12,"column":22},"end":{"line":15,"column":null}},{"start":{"line":15,"column":69},"end":{"line":15,"column":null}}],"line":12},"3":{"loc":{"start":{"line":15,"column":69},"end":{"line":22,"column":null}},"type":"if","locations":[{"start":{"line":15,"column":69},"end":{"line":22,"column":null}},{"start":{"line":22,"column":18},"end":{"line":22,"column":null}}],"line":15},"4":{"loc":{"start":{"line":22,"column":18},"end":{"line":26,"column":null}},"type":"if","locations":[{"start":{"line":22,"column":18},"end":{"line":26,"column":null}},{"start":{"line":26,"column":69},"end":{"line":26,"column":null}}],"line":22},"5":{"loc":{"start":{"line":26,"column":69},"end":{"line":38,"column":null}},"type":"if","locations":[{"start":{"line":26,"column":69},"end":{"line":38,"column":null}},{"start":{"line":38,"column":11},"end":{"line":38,"column":null}}],"line":26}},"s":{"0":9,"1":1,"2":1,"3":1,"4":0,"5":1,"6":1,"7":0,"8":1,"9":1,"10":0,"11":1,"12":1,"13":0,"14":1,"15":1,"16":0,"17":1,"18":1,"19":0,"20":1,"21":6,"22":12},"f":{"0":1,"1":18},"b":{"0":[1,0],"1":[1,0],"2":[1,0],"3":[1,0],"4":[1,0],"5":[1,0]},"meta":{"lastBranch":6,"lastFunction":2,"lastStatement":23,"seen":{"s:1:13:38:Infinity":0,"f:1:13:1:30":0,"s:1:30:1:Infinity":1,"b:1:30:5:Infinity:5:71:5:Infinity":0,"s:1:30:5:Infinity":2,"s:5:16:5:71":3,"s:5:71:5:Infinity":4,"b:5:71:12:Infinity:12:22:12:Infinity":1,"s:5:71:12:Infinity":5,"s:7:16:12:Infinity":6,"s:12:22:12:Infinity":7,"b:12:22:15:Infinity:15:69:15:Infinity":2,"s:12:22:15:Infinity":8,"s:15:20:15:69":9,"s:15:69:15:Infinity":10,"b:15:69:22:Infinity:22:18:22:Infinity":3,"s:15:69:22:Infinity":11,"s:4:12:22:Infinity":12,"s:22:18:22:Infinity":13,"b:22:18:26:Infinity:26:69:26:Infinity":4,"s:22:18:26:Infinity":14,"s:26:20:26:69":15,"s:26:69:26:Infinity":16,"b:26:69:38:Infinity:38:11:38:Infinity":5,"s:26:69:38:Infinity":17,"s:3:8:37:Infinity":18,"s:38:11:38:Infinity":19,"s:38:11:3:Infinity":20,"f:1:30:1:Infinity":1,"s:1:30:18:84":21,"s:1:30:33:Infinity":22},"fnNames":{}}}
,"/Volumes/OMARSSD/Code/PersonalProjects/weather-app/src/presentation/components/shared/Text.tsx": {"path":"/Volumes/OMARSSD/Code/PersonalProjects/weather-app/src/presentation/components/shared/Text.tsx","statementMap":{"0":{"start":{"line":7,"column":13},"end":{"line":14,"column":null}},"1":{"start":{"line":7,"column":31},"end":{"line":7,"column":32}},"2":{"start":{"line":7,"column":31},"end":{"line":7,"column":null}},"3":{"start":{"line":7,"column":32},"end":{"line":7,"column":75}},"4":{"start":{"line":7,"column":75},"end":{"line":7,"column":null}},"5":{"start":{"line":10,"column":23},"end":{"line":10,"column":98}},"6":{"start":{"line":10,"column":98},"end":{"line":14,"column":null}},"7":{"start":{"line":9,"column":8},"end":{"line":14,"column":null}},"8":{"start":{"line":14,"column":12},"end":{"line":14,"column":null}},"9":{"start":{"line":14,"column":12},"end":{"line":9,"column":null}}},"fnMap":{"0":{"name":"(anonymous_0)","decl":{"start":{"line":7,"column":13},"end":{"line":7,"column":31}},"loc":{"start":{"line":7,"column":31},"end":{"line":14,"column":null}},"line":7}},"branchMap":{"0":{"loc":{"start":{"line":7,"column":31},"end":{"line":7,"column":null}},"type":"if","locations":[{"start":{"line":7,"column":31},"end":{"line":7,"column":null}},{"start":{"line":7,"column":75},"end":{"line":7,"column":null}}],"line":7},"1":{"loc":{"start":{"line":10,"column":26},"end":{"line":10,"column":39}},"type":"cond-expr","locations":[{"start":{"line":10,"column":26},"end":{"line":10,"column":39}},{"start":{"line":10,"column":26},"end":{"line":10,"column":39}}],"line":10},"2":{"loc":{"start":{"line":10,"column":98},"end":{"line":14,"column":null}},"type":"if","locations":[{"start":{"line":10,"column":98},"end":{"line":14,"column":null}},{"start":{"line":14,"column":12},"end":{"line":14,"column":null}}],"line":10},"3":{"loc":{"start":{"line":10,"column":98},"end":{"line":10,"column":null}},"type":"binary-expr","locations":[{"start":{"line":10,"column":98},"end":{"line":10,"column":null}},{"start":{"line":10,"column":98},"end":{"line":10,"column":null}},{"start":{"line":10,"column":98},"end":{"line":10,"column":null}}],"line":10}},"s":{"0":9,"1":161,"2":161,"3":161,"4":0,"5":161,"6":161,"7":161,"8":0,"9":161},"f":{"0":161},"b":{"0":[161,0],"1":[160,1],"2":[161,0],"3":[161,0,0]},"meta":{"lastBranch":4,"lastFunction":1,"lastStatement":10,"seen":{"s:7:13:14:Infinity":0,"f:7:13:7:31":0,"s:7:31:7:32":1,"b:7:31:7:Infinity:7:75:7:Infinity":0,"s:7:31:7:Infinity":2,"s:7:32:7:75":3,"s:7:75:7:Infinity":4,"s:10:23:10:98":5,"b:10:26:10:39:10:26:10:39":1,"b:10:98:14:Infinity:14:12:14:Infinity":2,"s:10:98:14:Infinity":6,"b:10:98:10:Infinity:10:98:10:Infinity:10:98:10:Infinity":3,"s:9:8:14:Infinity":7,"s:14:12:14:Infinity":8,"s:14:12:9:Infinity":9},"fnNames":{}}}
,"/Volumes/OMARSSD/Code/PersonalProjects/weather-app/src/presentation/components/shared/index.ts": {"path":"/Volumes/OMARSSD/Code/PersonalProjects/weather-app/src/presentation/components/shared/index.ts","statementMap":{},"fnMap":{},"branchMap":{},"s":{},"f":{},"b":{},"meta":{"lastBranch":0,"lastFunction":0,"lastStatement":0,"seen":{},"fnNames":{}}}
,"/Volumes/OMARSSD/Code/PersonalProjects/weather-app/src/presentation/components/weather/DisplayCurrentWeather.tsx": {"path":"/Volumes/OMARSSD/Code/PersonalProjects/weather-app/src/presentation/components/weather/DisplayCurrentWeather.tsx","statementMap":{"0":{"start":{"line":16,"column":13},"end":{"line":81,"column":null}},"1":{"start":{"line":16,"column":48},"end":{"line":16,"column":49}},"2":{"start":{"line":16,"column":49},"end":{"line":16,"column":null}},"3":{"start":{"line":20,"column":19},"end":{"line":20,"column":42}},"4":{"start":{"line":20,"column":42},"end":{"line":21,"column":null}},"5":{"start":{"line":18,"column":8},"end":{"line":21,"column":9}},"6":{"start":{"line":21,"column":9},"end":{"line":21,"column":null}},"7":{"start":{"line":24,"column":19},"end":{"line":24,"column":41}},"8":{"start":{"line":24,"column":41},"end":{"line":25,"column":null}},"9":{"start":{"line":22,"column":8},"end":{"line":25,"column":9}},"10":{"start":{"line":25,"column":9},"end":{"line":25,"column":null}},"11":{"start":{"line":28,"column":19},"end":{"line":28,"column":48}},"12":{"start":{"line":28,"column":93},"end":{"line":29,"column":null}},"13":{"start":{"line":26,"column":8},"end":{"line":29,"column":9}},"14":{"start":{"line":29,"column":9},"end":{"line":29,"column":null}},"15":{"start":{"line":32,"column":19},"end":{"line":32,"column":52}},"16":{"start":{"line":32,"column":98},"end":{"line":33,"column":null}},"17":{"start":{"line":30,"column":8},"end":{"line":33,"column":9}},"18":{"start":{"line":33,"column":9},"end":{"line":33,"column":null}},"19":{"start":{"line":33,"column":9},"end":{"line":34,"column":6}},"20":{"start":{"line":17,"column":22},"end":{"line":33,"column":null}},"21":{"start":{"line":34,"column":5},"end":{"line":34,"column":6}},"22":{"start":{"line":17,"column":22},"end":{"line":17,"column":null}},"23":{"start":{"line":34,"column":6},"end":{"line":40,"column":null}},"24":{"start":{"line":40,"column":23},"end":{"line":40,"column":61}},"25":{"start":{"line":40,"column":61},"end":{"line":40,"column":null}},"26":{"start":{"line":47,"column":25},"end":{"line":47,"column":64}},"27":{"start":{"line":47,"column":64},"end":{"line":48,"column":null}},"28":{"start":{"line":43,"column":20},"end":{"line":43,"column":null}},"29":{"start":{"line":48,"column":27},"end":{"line":48,"column":null}},"30":{"start":{"line":48,"column":27},"end":{"line":54,"column":null}},"31":{"start":{"line":49,"column":20},"end":{"line":49,"column":null}},"32":{"start":{"line":54,"column":27},"end":{"line":54,"column":null}},"33":{"start":{"line":54,"column":27},"end":{"line":55,"column":null}},"34":{"start":{"line":42,"column":16},"end":{"line":55,"column":null}},"35":{"start":{"line":55,"column":22},"end":{"line":55,"column":null}},"36":{"start":{"line":55,"column":22},"end":{"line":62,"column":null}},"37":{"start":{"line":58,"column":20},"end":{"line":61,"column":null}},"38":{"start":{"line":62,"column":22},"end":{"line":62,"column":null}},"39":{"start":{"line":62,"column":22},"end":{"line":66,"column":null}},"40":{"start":{"line":64,"column":20},"end":{"line":66,"column":null}},"41":{"start":{"line":66,"column":24},"end":{"line":66,"column":null}},"42":{"start":{"line":66,"column":24},"end":{"line":67,"column":null}},"43":{"start":{"line":57,"column":16},"end":{"line":67,"column":null}},"44":{"start":{"line":67,"column":22},"end":{"line":67,"column":null}},"45":{"start":{"line":67,"column":22},"end":{"line":68,"column":null}},"46":{"start":{"line":38,"column":12},"end":{"line":68,"column":null}},"47":{"start":{"line":68,"column":18},"end":{"line":68,"column":null}},"48":{"start":{"line":68,"column":18},"end":{"line":80,"column":null}},"49":{"start":{"line":70,"column":12},"end":{"line":80,"column":null}},"50":{"start":{"line":80,"column":18},"end":{"line":80,"column":null}},"51":{"start":{"line":80,"column":18},"end":{"line":81,"column":null}},"52":{"start":{"line":37,"column":8},"end":{"line":81,"column":null}},"53":{"start":{"line":81,"column":18},"end":{"line":81,"column":null}},"54":{"start":{"line":81,"column":18},"end":{"line":37,"column":27}},"55":{"start":{"line":16,"column":48},"end":{"line":76,"column":null}}},"fnMap":{"0":{"name":"(anonymous_0)","decl":{"start":{"line":16,"column":13},"end":{"line":16,"column":48}},"loc":{"start":{"line":16,"column":48},"end":{"line":81,"column":null}},"line":16},"1":{"name":"_temp","decl":{"start":{"line":16,"column":48},"end":{"line":16,"column":49}},"loc":{"start":{"line":16,"column":48},"end":{"line":77,"column":null}},"line":16}},"branchMap":{"0":{"loc":{"start":{"line":20,"column":42},"end":{"line":21,"column":null}},"type":"if","locations":[{"start":{"line":20,"column":42},"end":{"line":21,"column":null}},{"start":{"line":21,"column":9},"end":{"line":21,"column":null}}],"line":20},"1":{"loc":{"start":{"line":24,"column":41},"end":{"line":25,"column":null}},"type":"if","locations":[{"start":{"line":24,"column":41},"end":{"line":25,"column":null}},{"start":{"line":25,"column":9},"end":{"line":25,"column":null}}],"line":24},"2":{"loc":{"start":{"line":28,"column":43},"end":{"line":28,"column":48}},"type":"cond-expr","locations":[{"start":{"line":28,"column":43},"end":{"line":28,"column":48}},{"start":{"line":28,"column":43},"end":{"line":28,"column":48}}],"line":28},"3":{"loc":{"start":{"line":28,"column":93},"end":{"line":29,"column":null}},"type":"if","locations":[{"start":{"line":28,"column":93},"end":{"line":29,"column":null}},{"start":{"line":29,"column":9},"end":{"line":29,"column":null}}],"line":28},"4":{"loc":{"start":{"line":32,"column":47},"end":{"line":32,"column":52}},"type":"cond-expr","locations":[{"start":{"line":32,"column":47},"end":{"line":32,"column":52}},{"start":{"line":32,"column":47},"end":{"line":32,"column":52}}],"line":32},"5":{"loc":{"start":{"line":32,"column":98},"end":{"line":33,"column":null}},"type":"if","locations":[{"start":{"line":32,"column":98},"end":{"line":33,"column":null}},{"start":{"line":33,"column":9},"end":{"line":33,"column":null}}],"line":32},"6":{"loc":{"start":{"line":33,"column":9},"end":{"line":34,"column":6}},"type":"if","locations":[{"start":{"line":33,"column":9},"end":{"line":34,"column":6}},{"start":{"line":34,"column":5},"end":{"line":34,"column":6}}],"line":33},"7":{"loc":{"start":{"line":33,"column":9},"end":{"line":33,"column":null}},"type":"binary-expr","locations":[{"start":{"line":33,"column":9},"end":{"line":33,"column":null}},{"start":{"line":33,"column":9},"end":{"line":33,"column":null}},{"start":{"line":33,"column":9},"end":{"line":33,"column":null}},{"start":{"line":33,"column":9},"end":{"line":33,"column":null}}],"line":33},"8":{"loc":{"start":{"line":34,"column":6},"end":{"line":40,"column":null}},"type":"if","locations":[{"start":{"line":34,"column":6},"end":{"line":40,"column":null}},{"start":{"line":40,"column":61},"end":{"line":40,"column":null}}],"line":34},"9":{"loc":{"start":{"line":47,"column":64},"end":{"line":48,"column":null}},"type":"if","locations":[{"start":{"line":47,"column":64},"end":{"line":48,"column":null}},{"start":{"line":48,"column":27},"end":{"line":48,"column":null}}],"line":47},"10":{"loc":{"start":{"line":48,"column":27},"end":{"line":54,"column":null}},"type":"if","locations":[{"start":{"line":48,"column":27},"end":{"line":54,"column":null}},{"start":{"line":54,"column":27},"end":{"line":54,"column":null}}],"line":48},"11":{"loc":{"start":{"line":54,"column":27},"end":{"line":55,"column":null}},"type":"if","locations":[{"start":{"line":54,"column":27},"end":{"line":55,"column":null}},{"start":{"line":55,"column":22},"end":{"line":55,"column":null}}],"line":54},"12":{"loc":{"start":{"line":54,"column":27},"end":{"line":54,"column":null}},"type":"binary-expr","locations":[{"start":{"line":54,"column":27},"end":{"line":54,"column":null}},{"start":{"line":54,"column":27},"end":{"line":54,"column":null}}],"line":54},"13":{"loc":{"start":{"line":55,"column":22},"end":{"line":62,"column":null}},"type":"if","locations":[{"start":{"line":55,"column":22},"end":{"line":62,"column":null}},{"start":{"line":62,"column":22},"end":{"line":62,"column":null}}],"line":55},"14":{"loc":{"start":{"line":55,"column":22},"end":{"line":55,"column":null}},"type":"binary-expr","locations":[{"start":{"line":55,"column":22},"end":{"line":55,"column":null}},{"start":{"line":55,"column":22},"end":{"line":55,"column":null}}],"line":55},"15":{"loc":{"start":{"line":62,"column":22},"end":{"line":66,"column":null}},"type":"if","locations":[{"start":{"line":62,"column":22},"end":{"line":66,"column":null}},{"start":{"line":66,"column":24},"end":{"line":66,"column":null}}],"line":62},"16":{"loc":{"start":{"line":66,"column":24},"end":{"line":67,"column":null}},"type":"if","locations":[{"start":{"line":66,"column":24},"end":{"line":67,"column":null}},{"start":{"line":67,"column":22},"end":{"line":67,"column":null}}],"line":66},"17":{"loc":{"start":{"line":66,"column":24},"end":{"line":66,"column":null}},"type":"binary-expr","locations":[{"start":{"line":66,"column":24},"end":{"line":66,"column":null}},{"start":{"line":66,"column":24},"end":{"line":66,"column":null}}],"line":66},"18":{"loc":{"start":{"line":67,"column":22},"end":{"line":68,"column":null}},"type":"if","locations":[{"start":{"line":67,"column":22},"end":{"line":68,"column":null}},{"start":{"line":68,"column":18},"end":{"line":68,"column":null}}],"line":67},"19":{"loc":{"start":{"line":67,"column":22},"end":{"line":67,"column":null}},"type":"binary-expr","locations":[{"start":{"line":67,"column":22},"end":{"line":67,"column":null}},{"start":{"line":67,"column":22},"end":{"line":67,"column":null}}],"line":67},"20":{"loc":{"start":{"line":68,"column":18},"end":{"line":80,"column":null}},"type":"if","locations":[{"start":{"line":68,"column":18},"end":{"line":80,"column":null}},{"start":{"line":80,"column":18},"end":{"line":80,"column":null}}],"line":68},"21":{"loc":{"start":{"line":80,"column":18},"end":{"line":81,"column":null}},"type":"if","locations":[{"start":{"line":80,"column":18},"end":{"line":81,"column":null}},{"start":{"line":81,"column":18},"end":{"line":81,"column":null}}],"line":80},"22":{"loc":{"start":{"line":80,"column":18},"end":{"line":80,"column":null}},"type":"binary-expr","locations":[{"start":{"line":80,"column":18},"end":{"line":80,"column":null}},{"start":{"line":80,"column":18},"end":{"line":80,"column":null}}],"line":80}},"s":{"0":1,"1":6,"2":6,"3":6,"4":6,"5":6,"6":0,"7":6,"8":6,"9":6,"10":0,"11":6,"12":6,"13":6,"14":0,"15":6,"16":6,"17":6,"18":0,"19":6,"20":6,"21":0,"22":6,"23":6,"24":6,"25":0,"26":6,"27":6,"28":6,"29":0,"30":6,"31":6,"32":0,"33":6,"34":6,"35":0,"36":6,"37":6,"38":0,"39":6,"40":6,"41":0,"42":6,"43":6,"44":0,"45":6,"46":6,"47":0,"48":6,"49":6,"50":0,"51":6,"52":6,"53":0,"54":6,"55":24},"f":{"0":6,"1":24},"b":{"0":[6,0],"1":[6,0],"2":[4,2],"3":[6,0],"4":[4,2],"5":[6,0],"6":[6,0],"7":[6,0,0,0],"8":[6,0],"9":[6,0],"10":[6,0],"11":[6,0],"12":[6,0],"13":[6,0],"14":[6,0],"15":[6,0],"16":[6,0],"17":[6,0],"18":[6,0],"19":[6,0],"20":[6,0],"21":[6,0],"22":[6,0]},"meta":{"lastBranch":23,"lastFunction":2,"lastStatement":56,"seen":{"s:16:13:81:Infinity":0,"f:16:13:16:48":0,"s:16:48:16:49":1,"s:16:49:16:Infinity":2,"s:20:19:20:42":3,"b:20:42:21:Infinity:21:9:21:Infinity":0,"s:20:42:21:Infinity":4,"s:18:8:21:9":5,"s:21:9:21:Infinity":6,"s:24:19:24:41":7,"b:24:41:25:Infinity:25:9:25:Infinity":1,"s:24:41:25:Infinity":8,"s:22:8:25:9":9,"s:25:9:25:Infinity":10,"s:28:19:28:48":11,"b:28:43:28:48:28:43:28:48":2,"b:28:93:29:Infinity:29:9:29:Infinity":3,"s:28:93:29:Infinity":12,"s:26:8:29:9":13,"s:29:9:29:Infinity":14,"s:32:19:32:52":15,"b:32:47:32:52:32:47:32:52":4,"b:32:98:33:Infinity:33:9:33:Infinity":5,"s:32:98:33:Infinity":16,"s:30:8:33:9":17,"s:33:9:33:Infinity":18,"b:33:9:34:6:34:5:34:6":6,"s:33:9:34:6":19,"b:33:9:33:Infinity:33:9:33:Infinity:33:9:33:Infinity:33:9:33:Infinity":7,"s:17:22:33:Infinity":20,"s:34:5:34:6":21,"s:17:22:17:Infinity":22,"b:34:6:40:Infinity:40:61:40:Infinity":8,"s:34:6:40:Infinity":23,"s:40:23:40:61":24,"s:40:61:40:Infinity":25,"s:47:25:47:64":26,"b:47:64:48:Infinity:48:27:48:Infinity":9,"s:47:64:48:Infinity":27,"s:43:20:43:Infinity":28,"s:48:27:48:Infinity":29,"b:48:27:54:Infinity:54:27:54:Infinity":10,"s:48:27:54:Infinity":30,"s:49:20:49:Infinity":31,"s:54:27:54:Infinity":32,"b:54:27:55:Infinity:55:22:55:Infinity":11,"s:54:27:55:Infinity":33,"b:54:27:54:Infinity:54:27:54:Infinity":12,"s:42:16:55:Infinity":34,"s:55:22:55:Infinity":35,"b:55:22:62:Infinity:62:22:62:Infinity":13,"s:55:22:62:Infinity":36,"b:55:22:55:Infinity:55:22:55:Infinity":14,"s:58:20:61:Infinity":37,"s:62:22:62:Infinity":38,"b:62:22:66:Infinity:66:24:66:Infinity":15,"s:62:22:66:Infinity":39,"s:64:20:66:Infinity":40,"s:66:24:66:Infinity":41,"b:66:24:67:Infinity:67:22:67:Infinity":16,"s:66:24:67:Infinity":42,"b:66:24:66:Infinity:66:24:66:I
[...]
,"/Volumes/OMARSSD/Code/PersonalProjects/weather-app/src/presentation/components/weather/SearchBar.tsx": {"path":"/Volumes/OMARSSD/Code/PersonalProjects/weather-app/src/presentation/components/weather/SearchBar.tsx","statementMap":{"0":{"start":{"line":12,"column":13},"end":{"line":83,"column":null}},"1":{"start":{"line":14,"column":37},"end":{"line":14,"column":null}},"2":{"start":{"line":15,"column":45},"end":{"line":15,"column":null}},"3":{"start":{"line":17,"column":4},"end":{"line":81,"column":null}},"4":{"start":{"line":19,"column":55},"end":{"line":19,"column":null}},"5":{"start":{"line":24,"column":37},"end":{"line":24,"column":null}},"6":{"start":{"line":36,"column":48},"end":{"line":36,"column":null}},"7":{"start":{"line":37,"column":45},"end":{"line":37,"column":70}},"8":{"start":{"line":44,"column":39},"end":{"line":44,"column":82}},"9":{"start":{"line":66,"column":24},"end":{"line":77,"column":null}}},"fnMap":{"0":{"name":"(anonymous_0)","decl":{"start":{"line":12,"column":13},"end":{"line":12,"column":37}},"loc":{"start":{"line":12,"column":78},"end":{"line":83,"column":null}},"line":12},"1":{"name":"(anonymous_1)","decl":{"start":{"line":19,"column":12},"end":{"line":19,"column":23}},"loc":{"start":{"line":19,"column":55},"end":{"line":19,"column":null}},"line":19},"2":{"name":"(anonymous_2)","decl":{"start":{"line":24,"column":20},"end":{"line":24,"column":31}},"loc":{"start":{"line":24,"column":37},"end":{"line":24,"column":null}},"line":24},"3":{"name":"(anonymous_3)","decl":{"start":{"line":36,"column":28},"end":{"line":36,"column":48}},"loc":{"start":{"line":36,"column":48},"end":{"line":36,"column":null}},"line":36},"4":{"name":"(anonymous_4)","decl":{"start":{"line":37,"column":28},"end":{"line":37,"column":39}},"loc":{"start":{"line":37,"column":45},"end":{"line":37,"column":70}},"line":37},"5":{"name":"(anonymous_5)","decl":{"start":{"line":44,"column":24},"end":{"line":44,"column":39}},"loc":{"start":{"line":44,"column":39},"end":{"line":44,"column":82}},"line":44},"6":{"name":"(anonymous_6)","decl":{"start":{"line":65,"column":29},"end":{"line":65,"column":34}},"loc":{"start":{"line":66,"column":24},"end":{"line":77,"column":null}},"line":66}},"branchMap":{"0":{"loc":{"start":{"line":15,"column":18},"end":{"line":15,"column":31}},"type":"default-arg","locations":[{"start":{"line":15,"column":27},"end":{"line":15,"column":31}}],"line":15},"1":{"loc":{"start":{"line":19,"column":55},"end":{"line":19,"column":null}},"type":"binary-expr","locations":[{"start":{"line":19,"column":55},"end":{"line":19,"column":63}},{"start":{"line":19,"column":63},"end":{"line":19,"column":null}}],"line":19},"2":{"loc":{"start":{"line":36,"column":48},"end":{"line":36,"column":null}},"type":"cond-expr","locations":[{"start":{"line":36,"column":63},"end":{"line":36,"column":113}},{"start":{"line":36,"column":113},"end":{"line":36,"column":null}}],"line":36},"3":{"loc":{"start":{"line":44,"column":39},"end":{"line":44,"column":82}},"type":"binary-expr","locations":[{"start":{"line":44,"column":39},"end":{"line":44,"column":55}},{"start":{"line":44,"column":55},"end":{"line":44,"column":82}}],"line":44},"4":{"loc":{"start":{"line":53,"column":21},"end":{"line":56,"column":null}},"type":"binary-expr","locations":[{"start":{"line":53,"column":21},"end":{"line":53,"column":null}},{"start":{"line":54,"column":24},"end":{"line":56,"column":null}}],"line":53},"5":{"loc":{"start":{"line":59,"column":21},"end":{"line":62,"column":null}},"type":"binary-expr","locations":[{"start":{"line":59,"column":21},"end":{"line":59,"column":44}},{"start":{"line":59,"column":44},"end":{"line":59,"column":71}},{"start":{"line":59,"column":71},"end":{"line":59,"column":null}},{"start":{"line":60,"column":24},"end":{"line":62,"column":null}}],"line":59},"6":{"loc":{"start":{"line":74,"column":37},"end":{"line":74,"column":74}},"type":"cond-expr","locations":[{"start":{"line":74,"column":50},"end":{"line":74,"column":70}},{"start":{"line":74,"column":70},"end":{"line":74,"column":74}}],"line":74}},"s":{"0":1,"1":10,"2":10,"3":10,"4":1,"5":0,"6":10,"7":1,"8":2,"9":2},"f":{"0":10,"1":1,"2":0,"3":10,"4":1,"5":2,"6":2},"b":{"0":[10],"1":[1,1],"2":[2,8],"3":[2,1],"4":[10,1],"5":[10,8,2,2],"6":[2,0]},"meta":{"lastBranch":7,"lastFunction":7,"lastStatement":10,"seen":{"s:12:13:83:Infinity":0,"f:12:13:12:37":0,"s:14:37:14:Infinity":1,"s:15:45:15:Infinity":2,"b:15:27:15:31":0,"s:17:4:81:Infinity":3,"f:19:12:19:23":1,"s:19:55:19:Infinity":4,"b:19:55:19:63:19:63:19:Infinity":1,"f:24:20:24:31":2,"s:24:37:24:Infinity":5,"f:36:28:36:48":3,"s:36:48:36:Infinity":6,"b:36:63:36:113:36:113:36:Infinity":2,"f:37:28:37:39":4,"s:37:45:37:70":7,"f:44:24:44:39":5,"s:44:39:44:82":8,"b:44:39:44:55:44:55:44:82":3,"b:53:21:53:Infinity:54:24:56:Infinity":4,"b:59:21:59:44:59:44:59:71:59:71:59:Infinity:60:24:62:Infinity":5,"f:65:29:65:34":6,"s:66:24:77:Infinity":9,"b:74:50:74:70:74:70:74:74":6},"fnNames":{}}}
,"/Volumes/OMARSSD/Code/PersonalProjects/weather-app/src/presentation/hooks/useLocation.tsx": {"path":"/Volumes/OMARSSD/Code/PersonalProjects/weather-app/src/presentation/hooks/useLocation.tsx","statementMap":{"0":{"start":{"line":7,"column":13},"end":{"line":24,"column":null}},"1":{"start":{"line":7,"column":27},"end":{"line":7,"column":null}},"2":{"start":{"line":9,"column":4},"end":{"line":9,"column":null}},"3":{"start":{"line":10,"column":4},"end":{"line":10,"column":53}},"4":{"start":{"line":10,"column":53},"end":{"line":15,"column":48}},"5":{"start":{"line":13,"column":18},"end":{"line":13,"column":50}},"6":{"start":{"line":14,"column":17},"end":{"line":14,"column":59}},"7":{"start":{"line":15,"column":17},"end":{"line":15,"column":38}},"8":{"start":{"line":15,"column":38},"end":{"line":15,"column":48}},"9":{"start":{"line":15,"column":17},"end":{"line":15,"column":49}},"10":{"start":{"line":15,"column":49},"end":{"line":18,"column":7}},"11":{"start":{"line":12,"column":38},"end":{"line":18,"column":5}},"12":{"start":{"line":18,"column":5},"end":{"line":18,"column":7}},"13":{"start":{"line":12,"column":4},"end":{"line":18,"column":7}},"14":{"start":{"line":18,"column":7},"end":{"line":24,"column":null}},"15":{"start":{"line":20,"column":11},"end":{"line":24,"column":5}},"16":{"start":{"line":24,"column":5},"end":{"line":24,"column":null}},"17":{"start":{"line":24,"column":5},"end":{"line":20,"column":null}}},"fnMap":{"0":{"name":"(anonymous_0)","decl":{"start":{"line":7,"column":13},"end":{"line":7,"column":27}},"loc":{"start":{"line":7,"column":27},"end":{"line":24,"column":null}},"line":7},"1":{"name":"(anonymous_1)","decl":{"start":{"line":14,"column":17},"end":{"line":14,"column":23}},"loc":{"start":{"line":14,"column":17},"end":{"line":14,"column":59}},"line":14}},"branchMap":{"0":{"loc":{"start":{"line":10,"column":53},"end":{"line":15,"column":48}},"type":"if","locations":[{"start":{"line":10,"column":53},"end":{"line":15,"column":48}},{"start":{"line":15,"column":38},"end":{"line":15,"column":48}}],"line":10},"1":{"loc":{"start":{"line":15,"column":49},"end":{"line":18,"column":7}},"type":"if","locations":[{"start":{"line":15,"column":49},"end":{"line":18,"column":7}},{"start":{"line":18,"column":5},"end":{"line":18,"column":7}}],"line":15},"2":{"loc":{"start":{"line":15,"column":49},"end":{"line":15,"column":null}},"type":"binary-expr","locations":[{"start":{"line":15,"column":49},"end":{"line":15,"column":null}},{"start":{"line":15,"column":49},"end":{"line":15,"column":null}},{"start":{"line":15,"column":49},"end":{"line":15,"column":null}}],"line":15},"3":{"loc":{"start":{"line":18,"column":7},"end":{"line":24,"column":null}},"type":"if","locations":[{"start":{"line":18,"column":7},"end":{"line":24,"column":null}},{"start":{"line":24,"column":5},"end":{"line":24,"column":null}}],"line":18},"4":{"loc":{"start":{"line":18,"column":7},"end":{"line":18,"column":null}},"type":"binary-expr","locations":[{"start":{"line":18,"column":7},"end":{"line":18,"column":null}},{"start":{"line":18,"column":7},"end":{"line":18,"column":null}}],"line":18}},"s":{"0":1,"1":7,"2":7,"3":7,"4":7,"5":7,"6":2,"7":7,"8":0,"9":7,"10":7,"11":7,"12":0,"13":7,"14":7,"15":7,"16":0,"17":7},"f":{"0":7,"1":2},"b":{"0":[7,0],"1":[7,0],"2":[7,0,0],"3":[7,0],"4":[7,0]},"meta":{"lastBranch":5,"lastFunction":2,"lastStatement":18,"seen":{"s:7:13:24:Infinity":0,"f:7:13:7:27":0,"s:7:27:7:Infinity":1,"s:9:4:9:Infinity":2,"s:10:4:10:53":3,"b:10:53:15:48:15:38:15:48":0,"s:10:53:15:48":4,"s:13:18:13:50":5,"s:14:17:14:59":6,"f:14:17:14:23":1,"s:15:17:15:38":7,"s:15:38:15:48":8,"s:15:17:15:49":9,"b:15:49:18:7:18:5:18:7":1,"s:15:49:18:7":10,"b:15:49:15:Infinity:15:49:15:Infinity:15:49:15:Infinity":2,"s:12:38:18:5":11,"s:18:5:18:7":12,"s:12:4:18:7":13,"b:18:7:24:Infinity:24:5:24:Infinity":3,"s:18:7:24:Infinity":14,"b:18:7:18:Infinity:18:7:18:Infinity":4,"s:20:11:24:5":15,"s:24:5:24:Infinity":16,"s:24:5:20:Infinity":17},"fnNames":{}}}
,"/Volumes/OMARSSD/Code/PersonalProjects/weather-app/src/presentation/hooks/useWeather.tsx": {"path":"/Volumes/OMARSSD/Code/PersonalProjects/weather-app/src/presentation/hooks/useWeather.tsx","statementMap":{"0":{"start":{"line":15,"column":13},"end":{"line":58,"column":null}},"1":{"start":{"line":15,"column":26},"end":{"line":15,"column":null}},"2":{"start":{"line":17,"column":4},"end":{"line":17,"column":55}},"3":{"start":{"line":17,"column":55},"end":{"line":22,"column":7}},"4":{"start":{"line":19,"column":64},"end":{"line":22,"column":5}},"5":{"start":{"line":22,"column":5},"end":{"line":22,"column":7}},"6":{"start":{"line":19,"column":4},"end":{"line":22,"column":7}},"7":{"start":{"line":22,"column":7},"end":{"line":28,"column":null}},"8":{"start":{"line":24,"column":46},"end":{"line":28,"column":5}},"9":{"start":{"line":28,"column":5},"end":{"line":28,"column":null}},"10":{"start":{"line":24,"column":4},"end":{"line":28,"column":null}},"11":{"start":{"line":30,"column":32},"end":{"line":30,"column":95}},"12":{"start":{"line":30,"column":95},"end":{"line":33,"column":null}},"13":{"start":{"line":33,"column":18},"end":{"line":33,"column":53}},"14":{"start":{"line":33,"column":53},"end":{"line":33,"column":null}},"15":{"start":{"line":33,"column":53},"end":{"line":41,"column":null}},"16":{"start":{"line":34,"column":17},"end":{"line":41,"column":14}},"17":{"start":{"line":41,"column":14},"end":{"line":41,"column":null}},"18":{"start":{"line":41,"column":14},"end":{"line":45,"column":7}},"19":{"start":{"line":32,"column":52},"end":{"line":45,"column":5}},"20":{"start":{"line":45,"column":5},"end":{"line":45,"column":7}},"21":{"start":{"line":32,"column":4},"end":{"line":45,"column":7}},"22":{"start":{"line":45,"column":7},"end":{"line":50,"column":null}},"23":{"start":{"line":47,"column":25},"end":{"line":49,"column":null}},"24":{"start":{"line":48,"column":8},"end":{"line":48,"column":null}},"25":{"start":{"line":49,"column":8},"end":{"line":49,"column":67}},"26":{"start":{"line":50,"column":5},"end":{"line":50,"column":null}},"27":{"start":{"line":47,"column":25},"end":{"line":47,"column":null}},"28":{"start":{"line":50,"column":5},"end":{"line":58,"column":null}},"29":{"start":{"line":52,"column":11},"end":{"line":58,"column":5}},"30":{"start":{"line":58,"column":5},"end":{"line":58,"column":null}},"31":{"start":{"line":58,"column":5},"end":{"line":52,"column":null}}},"fnMap":{"0":{"name":"(anonymous_0)","decl":{"start":{"line":15,"column":13},"end":{"line":15,"column":26}},"loc":{"start":{"line":15,"column":26},"end":{"line":58,"column":null}},"line":15},"1":{"name":"(anonymous_1)","decl":{"start":{"line":34,"column":17},"end":{"line":34,"column":null}},"loc":{"start":{"line":34,"column":17},"end":{"line":41,"column":14}},"line":34},"2":{"name":"(anonymous_2)","decl":{"start":{"line":47,"column":25},"end":{"line":47,"column":null}},"loc":{"start":{"line":47,"column":25},"end":{"line":49,"column":null}},"line":47}},"branchMap":{"0":{"loc":{"start":{"line":17,"column":55},"end":{"line":22,"column":7}},"type":"if","locations":[{"start":{"line":17,"column":55},"end":{"line":22,"column":7}},{"start":{"line":22,"column":5},"end":{"line":22,"column":7}}],"line":17},"1":{"loc":{"start":{"line":22,"column":7},"end":{"line":28,"column":null}},"type":"if","locations":[{"start":{"line":22,"column":7},"end":{"line":28,"column":null}},{"start":{"line":28,"column":5},"end":{"line":28,"column":null}}],"line":22},"2":{"loc":{"start":{"line":30,"column":32},"end":{"line":30,"column":95}},"type":"binary-expr","locations":[{"start":{"line":30,"column":32},"end":{"line":30,"column":65}},{"start":{"line":30,"column":65},"end":{"line":30,"column":95}}],"line":30},"3":{"loc":{"start":{"line":30,"column":95},"end":{"line":33,"column":null}},"type":"if","locations":[{"start":{"line":30,"column":95},"end":{"line":33,"column":null}},{"start":{"line":33,"column":53},"end":{"line":33,"column":null}}],"line":30},"4":{"loc":{"start":{"line":30,"column":95},"end":{"line":30,"column":null}},"type":"binary-expr","locations":[{"start":{"line":30,"column":95},"end":{"line":30,"column":null}},{"start":{"line":30,"column":95},"end":{"line":30,"column":null}}],"line":30},"5":{"loc":{"start":{"line":33,"column":53},"end":{"line":41,"column":null}},"type":"if","locations":[{"start":{"line":33,"column":53},"end":{"line":41,"column":null}},{"start":{"line":41,"column":14},"end":{"line":41,"column":null}}],"line":33},"6":{"loc":{"start":{"line":33,"column":53},"end":{"line":33,"column":null}},"type":"binary-expr","locations":[{"start":{"line":33,"column":53},"end":{"line":33,"column":null}},{"start":{"line":33,"column":53},"end":{"line":33,"column":null}},{"start":{"line":33,"column":53},"end":{"line":33,"column":null}}],"line":33},"7":{"loc":{"start":{"line":41,"column":14},"end":{"line":45,"column":7}},"type":"if","locations":[{"start":{"line":41,"column":14},"end":{"line":45,"column":7}},{"start":{"line":45,"column":5},"end":{"line":45,"column":7}}],"line":41},"8":{"loc":{"start":{"line":41,"column":14},"end":{"line":41,"column":null}},"type":"binary-expr","locations":[{"start":{"line":41,"column":14},"end":{"line":41,"column":null}},{"start":{"line":41,"column":14},"end":{"line":41,"column":null}},{"start":{"line":41,"column":14},"end":{"line":41,"column":null}}],"line":41},"9":{"loc":{"start":{"line":45,"column":7},"end":{"line":50,"column":null}},"type":"if","locations":[{"start":{"line":45,"column":7},"end":{"line":50,"column":null}},{"start":{"line":50,"column":5},"end":{"line":50,"column":null}}],"line":45},"10":{"loc":{"start":{"line":50,"column":5},"end":{"line":58,"column":null}},"type":"if","locations":[{"start":{"line":50,"column":5},"end":{"line":58,"column":null}},{"start":{"line":58,"column":5},"end":{"line":58,"column":null}}],"line":50},"11":{"loc":{"start":{"line":50,"column":5},"end":{"line":50,"column":null}},"type":"binary-expr","locations":[{"start":{"line":50,"column":5},"end":{"line":50,"column":null}},{"start":{"line":50,"column":5},"end":{"line":50,"column":null}},{"start":{"line":50,"column":5},"end":{"line":50,"column":null}}],"line":50}},"s":{"0":1,"1":8,"2":8,"3":8,"4":5,"5":3,"6":8,"7":8,"8":5,"9":3,"10":8,"11":8,"12":8,"13":8,"14":0,"15":8,"16":2,"17":0,"18":8,"19":8,"20":0,"21":8,"22":8,"23":5,"24":2,"25":2,"26":3,"27":8,"28":8,"29":8,"30":0,"31":8},"f":{"0":8,"1":2,"2":2},"b":{"0":[5,3],"1":[5,3],"2":[8,2],"3":[8,0],"4":[8,1],"5":[8,0],"6":[8,1,1],"7":[8,0],"8":[8,1,0],"9":[5,3],"10":[8,0],"11":[8,1,0]},"meta":{"lastBranch":12,"lastFunction":3,"lastStatement":32,"seen":{"s:15:13:58:Infinity":0,"f:15:13:15:26":0,"s:15:26:15:Infinity":1,"s:17:4:17:55":2,"b:17:55:22:7:22:5:22:7":0,"s:17:55:22:7":3,"s:19:64:22:5":4,"s:22:5:22:7":5,"s:19:4:22:7":6,"b:22:7:28:Infinity:28:5:28:Infinity":1,"s:22:7:28:Infinity":7,"s:24:46:28:5":8,"s:28:5:28:Infinity":9,"s:24:4:28:Infinity":10,"s:30:32:30:95":11,"b:30:32:30:65:30:65:30:95":2,"b:30:95:33:Infinity:33:53:33:Infinity":3,"s:30:95:33:Infinity":12,"b:30:95:30:Infinity:30:95:30:Infinity":4,"s:33:18:33:53":13,"s:33:53:33:Infinity":14,"b:33:53:41:Infinity:41:14:41:Infinity":5,"s:33:53:41:Infinity":15,"b:33:53:33:Infinity:33:53:33:Infinity:33:53:33:Infinity":6,"s:34:17:41:14":16,"f:34:17:34:Infinity":1,"s:41:14:41:Infinity":17,"b:41:14:45:7:45:5:45:7":7,"s:41:14:45:7":18,"b:41:14:41:Infinity:41:14:41:Infinity:41:14:41:Infinity":8,"s:32:52:45:5":19,"s:45:5:45:7":20,"s:32:4:45:7":21,"b:45:7:50:Infinity:50:5:50:Infinity":9,"s:45:7:50:Infinity":22,"s:47:25:49:Infinity":23,"f:47:25:47:Infinity":2,"s:48:8:48:Infinity":24,"s:49:8:49:67":25,"s:50:5:50:Infinity":26,"s:47:25:47:Infinity":27,"b:50:5:58:Infinity:58:5:58:Infinity":10,"s:50:5:58:Infinity":28,"b:50:5:50:Infinity:50:5:50:Infinity:50:5:50:Infinity":11,"s:52:11:58:5":29,"s:58:5:58:Infinity":30,"s:58:5:52:Infinity":31},"fnNames":{}}}
,"/Volumes/OMARSSD/Code/PersonalProjects/weather-app/src/presentation/utils/date.util.ts": {"path":"/Volumes/OMARSSD/Code/PersonalProjects/weather-app/src/presentation/utils/date.util.ts","statementMap":{"0":{"start":{"line":1,"column":13},"end":{"line":10,"column":null}},"1":{"start":{"line":2,"column":17},"end":{"line":2,"column":null}},"2":{"start":{"line":4,"column":4},"end":{"line":9,"column":null}},"3":{"start":{"line":12,"column":13},"end":{"line":20,"column":null}},"4":{"start":{"line":13,"column":17},"end":{"line":13,"column":null}},"5":{"start":{"line":15,"column":4},"end":{"line":19,"column":null}},"6":{"start":{"line":22,"column":13},"end":{"line":28,"column":null}},"7":{"start":{"line":23,"column":17},"end":{"line":23,"column":null}},"8":{"start":{"line":25,"column":4},"end":{"line":27,"column":null}}},"fnMap":{"0":{"name":"(anonymous_0)","decl":{"start":{"line":1,"column":13},"end":{"line":1,"column":34}},"loc":{"start":{"line":1,"column":64},"end":{"line":10,"column":null}},"line":1},"1":{"name":"(anonymous_1)","decl":{"start":{"line":12,"column":13},"end":{"line":12,"column":34}},"loc":{"start":{"line":12,"column":64},"end":{"line":20,"column":null}},"line":12},"2":{"name":"(anonymous_2)","decl":{"start":{"line":22,"column":13},"end":{"line":22,"column":33}},"loc":{"start":{"line":22,"column":63},"end":{"line":28,"column":null}},"line":22}},"branchMap":{},"s":{"0":3,"1":6,"2":6,"3":3,"4":12,"5":12,"6":3,"7":20,"8":20},"f":{"0":6,"1":12,"2":20},"b":{},"meta":{"lastBranch":0,"lastFunction":3,"lastStatement":9,"seen":{"s:1:13:10:Infinity":0,"f:1:13:1:34":0,"s:2:17:2:Infinity":1,"s:4:4:9:Infinity":2,"s:12:13:20:Infinity":3,"f:12:13:12:34":1,"s:13:17:13:Infinity":4,"s:15:4:19:Infinity":5,"s:22:13:28:Infinity":6,"f:22:13:22:33":2,"s:23:17:23:Infinity":7,"s:25:4:27:Infinity":8},"fnNames":{}}}
}
